[0515/143327.058:ERROR:process_reader_win.cc(182)] ResumeThread: パラメーターが間違っています。 (0x57)
[0515/143327.060:ERROR:process_reader_win.cc(151)] SuspendThread: アクセスが拒否されました。 (0x5)
[0515/143327.060:ERROR:process_reader_win.cc(151)] SuspendThread: アクセスが拒否されました。 (0x5)
[0515/143327.060:ERROR:process_reader_win.cc(151)] SuspendThread: アクセスが拒否されました。 (0x5)
[0515/143327.060:ERROR:process_reader_win.cc(151)] SuspendThread: アクセスが拒否されました。 (0x5)
[0515/143327.061:ERROR:process_reader_win.cc(151)] SuspendThread: アクセスが拒否されました。 (0x5)
[0515/143327.061:ERROR:process_reader_win.cc(151)] SuspendThread: アクセスが拒否されました。 (0x5)
[0515/143327.061:ERROR:process_reader_win.cc(151)] SuspendThread: アクセスが拒否されました。 (0x5)
[0515/143327.061:ERROR:process_reader_win.cc(151)] SuspendThread: アクセスが拒否されました。 (0x5)
[0515/143327.061:ERROR:process_reader_win.cc(151)] SuspendThread: アクセスが拒否されました。 (0x5)
[0515/143327.072:ERROR:process_memory_win.cc(73)] ReadMemory at 0x28f45435cf0 of 6656 bytes failed: ReadProcessMemory 要求または WriteProcessMemory 要求の一部だけを完了しました。 (0x12B)
[0515/143327.072:ERROR:process_snapshot_win.cc(322)] failed to read unloaded module data
[0515/143327.075:ERROR:process_memory_win.cc(73)] ReadMemory at 0x7ff7d4ee0000 of 64 bytes failed: ReadProcessMemory 要求または WriteProcessMemory 要求の一部だけを完了しました。 (0x12B)
[0515/143327.075:WARNING:pe_image_reader.cc(340)] could not read dos header from C:\Program Files (x86)\Google\Chrome\Application\chrome.exe
[0515/143327.075:ERROR:process_memory_win.cc(73)] ReadMemory at 0x7fff919f0000 of 64 bytes failed: ReadProcessMemory 要求または WriteProcessMemory 要求の一部だけを完了しました。 (0x12B)
[0515/143327.075:WARNING:pe_image_reader.cc(340)] could not read dos header from C:\Windows\SYSTEM32\ntdll.dll
[0515/143327.075:ERROR:process_memory_win.cc(73)] ReadMemory at 0x7fff90880000 of 64 bytes failed: ReadProcessMemory 要求または WriteProcessMemory 要求の一部だけを完了しました。 (0x12B)
[0515/143327.075:WARNING:pe_image_reader.cc(340)] could not read dos header from C:\Windows\System32\KERNEL32.DLL
[0515/143327.075:ERROR:process_memory_win.cc(73)] ReadMemory at 0x7fff8e050000 of 64 bytes failed: ReadProcessMemory 要求または WriteProcessMemory 要求の一部だけを完了しました。 (0x12B)
[0515/143327.075:WARNING:pe_image_reader.cc(340)] could not read dos header from C:\Windows\System32\KERNELBASE.dll
[0515/143327.075:ERROR:process_memory_win.cc(73)] ReadMemory at 0x7fff172d0000 of 64 bytes failed: ReadProcessMemory 要求または WriteProcessMemory 要求の一部だけを完了しました。 (0x12B)
[0515/143327.075:WARNING:pe_image_reader.cc(340)] could not read dos header from C:\Program Files (x86)\Google\Chrome\Application\81.0.4044.138\chrome_elf.dll
[0515/143327.075:ERROR:process_memory_win.cc(73)] ReadMemory at 0x7fff89910000 of 64 bytes failed: ReadProcessMemory 要求または WriteProcessMemory 要求の一部だけを完了しました。 (0x12B)
[0515/143327.075:WARNING:pe_image_reader.cc(340)] could not read dos header from C:\Windows\SYSTEM32\VERSION.dll
[0515/143327.075:ERROR:process_memory_win.cc(73)] ReadMemory at 0x7fff912c0000 of 64 bytes failed: ReadProcessMemory 要求または WriteProcessMemory 要求の一部だけを完了しました。 (0x12B)
[0515/143327.075:WARNING:pe_image_reader.cc(340)] could not read dos header from C:\Windows\System32\msvcrt.dll
[0515/143327.075:ERROR:process_memory_win.cc(73)] ReadMemory at 0x7fff8ddf0000 of 64 bytes failed: ReadProcessMemory 要求または WriteProcessMemory 要求の一部だけを完了しました。 (0x12B)
[0515/143327.075:WARNING:pe_image_reader.cc(340)] could not read dos header from C:\Windows\System32\bcryptPrimitives.dll
[0515/143327.075:ERROR:process_memory_win.cc(73)] ReadMemory at 0x7fff90b10000 of 64 bytes failed: ReadProcessMemory 要求または WriteProcessMemory 要求の一部だけを完了しました。 (0x12B)
[0515/143327.075:WARNING:pe_image_reader.cc(340)] could not read dos header from C:\Windows\System32\ADVAPI32.dll
[0515/143327.076:ERROR:process_memory_win.cc(73)] ReadMemory at 0x7fff8f270000 of 64 bytes failed: ReadProcessMemory 要求または WriteProcessMemory 要求の一部だけを完了しました。 (0x12B)
[0515/143327.076:WARNING:pe_image_reader.cc(340)] could not read dos header from C:\Windows\System32\sechost.dll
[0515/143327.076:ERROR:process_memory_win.cc(73)] ReadMemory at 0x7fff91710000 of 64 bytes failed: ReadProcessMemory 要求または WriteProcessMemory 要求の一部だけを完了しました。 (0x12B)
[0515/143327.076:WARNING:pe_image_reader.cc(340)] could not read dos header from C:\Windows\System32\RPCRT4.dll
[0515/143327.076:ERROR:process_memory_win.cc(73)] ReadMemory at 0x7ffef2d70000 of 64 bytes failed: ReadProcessMemory 要求または WriteProcessMemory 要求の一部だけを完了しました。 (0x12B)
[0515/143327.076:WARNING:pe_image_reader.cc(340)] could not read dos header from C:\Program Files (x86)\Google\Chrome\Application\81.0.4044.138\chrome.dll
[0515/143327.076:ERROR:process_memory_win.cc(73)] ReadMemory at 0x7fff90810000 of 64 bytes failed: ReadProcessMemory 要求または WriteProcessMemory 要求の一部だけを完了しました。 (0x12B)
[0515/143327.076:WARNING:pe_image_reader.cc(340)] could not read dos header from C:\Windows\System32\WS2_32.dll
[0515/143327.076:ERROR:process_memory_win.cc(73)] ReadMemory at 0x7fff8f1a0000 of 64 bytes failed: ReadProcessMemory 要求または WriteProcessMemory 要求の一部だけを完了しました。 (0x12B)
[0515/143327.076:WARNING:pe_image_reader.cc(340)] could not read dos header from C:\Windows\System32\OLEAUT32.dll
[0515/143327.076:ERROR:process_memory_win.cc(73)] ReadMemory at 0x7fff8e3a0000 of 64 bytes failed: ReadProcessMemory 要求または WriteProcessMemory 要求の一部だけを完了しました。 (0x12B)
[0515/143327.076:WARNING:pe_image_reader.cc(340)] could not read dos header from C:\Windows\System32\msvcp_win.dll
[0515/143327.076:ERROR:process_memory_win.cc(73)] ReadMemory at 0x7fff8dab0000 of 64 bytes failed: ReadProcessMemory 要求または WriteProcessMemory 要求の一部だけを完了しました。 (0x12B)
[0515/143327.076:WARNING:pe_image_reader.cc(340)] could not read dos header from C:\Windows\System32\ucrtbase.dll
[0515/143327.076:ERROR:process_memory_win.cc(73)] ReadMemory at 0x7fff91360000 of 64 bytes failed: ReadProcessMemory 要求または WriteProcessMemory 要求の一部だけを完了しました。 (0x12B)
[0515/143327.076:WARNING:pe_image_reader.cc(340)] could not read dos header from C:\Windows\System32\combase.dll
[0515/143327.076:ERROR:process_memory_win.cc(73)] ReadMemory at 0x7fff8dd90000 of 64 bytes failed: ReadProcessMemory 要求または WriteProcessMemory 要求の一部だけを完了しました。 (0x12B)
[0515/143327.076:WARNING:pe_image_reader.cc(340)] could not read dos header from C:\Windows\System32\WINTRUST.dll
[0515/143327.076:ERROR:process_memory_win.cc(73)] ReadMemory at 0x7fff8d9e0000 of 64 bytes failed: ReadProcessMemory 要求または WriteProcessMemory 要求の一部だけを完了しました。 (0x12B)
[0515/143327.076:WARNING:pe_image_reader.cc(340)] could not read dos header from C:\Windows\System32\MSASN1.dll
[0515/143327.076:ERROR:process_memory_win.cc(73)] ReadMemory at 0x7fff8dbb0000 of 64 bytes failed: ReadProcessMemory 要求または WriteProcessMemory 要求の一部だけを完了しました。 (0x12B)
[0515/143327.076:WARNING:pe_image_reader.cc(340)] could not read dos header from C:\Windows\System32\CRYPT32.dll
[0515/143327.076:ERROR:process_memory_win.cc(73)] ReadMemory at 0x7fff8ced0000 of 64 bytes failed: ReadProcessMemory 要求または WriteProcessMemory 要求の一部だけを完了しました。 (0x12B)
[0515/143327.076:WARNING:pe_image_reader.cc(340)] could not read dos header from C:\Windows\SYSTEM32\IPHLPAPI.DLL
[0515/143327.076:ERROR:process_memory_win.cc(73)] ReadMemory at 0x7fff84cf0000 of 64 bytes failed: ReadProcessMemory 要求または WriteProcessMemory 要求の一部だけを完了しました。 (0x12B)
[0515/143327.076:WARNING:pe_image_reader.cc(340)] could not read dos header from C:\Windows\SYSTEM32\WINMM.dll
[0515/143327.076:ERROR:process_memory_win.cc(73)] ReadMemory at 0x7fff844d0000 of 64 bytes failed: ReadProcessMemory 要求または WriteProcessMemory 要求の一部だけを完了しました。 (0x12B)
[0515/143327.076:WARNING:pe_image_reader.cc(340)] could not read dos header from C:\Windows\SYSTEM32\Secur32.dll
[0515/143327.076:ERROR:process_memory_win.cc(73)] ReadMemory at 0x7fff8d910000 of 64 bytes failed: ReadProcessMemory 要求または WriteProcessMemory 要求の一部だけを完了しました。 (0x12B)
[0515/143327.076:WARNING:pe_image_reader.cc(340)] could not read dos header from C:\Windows\SYSTEM32\USERENV.dll
[0515/143327.076:ERROR:process_memory_win.cc(73)] ReadMemory at 0x7fff8da80000 of 64 bytes failed: ReadProcessMemory 要求または WriteProcessMemory 要求の一部だけを完了しました。 (0x12B)
[0515/143327.076:WARNING:pe_image_reader.cc(340)] could not read dos header from C:\Windows\System32\profapi.dll
[0515/143327.076:ERROR:process_memory_win.cc(73)] ReadMemory at 0x7fff42670000 of 64 bytes failed: ReadProcessMemory 要求または WriteProcessMemory 要求の一部だけを完了しました。 (0x12B)
[0515/143327.076:WARNING:pe_image_reader.cc(340)] could not read dos header from C:\Windows\SYSTEM32\UIAutomationCore.DLL
[0515/143327.076:ERROR:process_memory_win.cc(73)] ReadMemory at 0x7fff53a20000 of 64 bytes failed: ReadProcessMemory 要求または WriteProcessMemory 要求の一部だけを完了しました。 (0x12B)
[0515/143327.076:WARNING:pe_image_reader.cc(340)] could not read dos header from C:\Windows\SYSTEM32\DWrite.dll
[0515/143327.076:ERROR:process_memory_win.cc(73)] ReadMemory at 0x7fff88330000 of 64 bytes failed: ReadProcessMemory 要求または WriteProcessMemory 要求の一部だけを完了しました。 (0x12B)
[0515/143327.076:WARNING:pe_image_reader.cc(340)] could not read dos header from C:\Windows\SYSTEM32\WINSPOOL.DRV
[0515/143327.077:ERROR:process_memory_win.cc(73)] ReadMemory at 0x7fff8da00000 of 64 bytes failed: ReadProcessMemory 要求または WriteProcessMemory 要求の一部だけを完了しました。 (0x12B)
[0515/143327.077:WARNING:pe_image_reader.cc(340)] could not read dos header from C:\Windows\System32\kernel.appcore.dll
[0515/143327.077:ERROR:process_memory_win.cc(73)] ReadMemory at 0x7fff8eb90000 of 64 bytes failed: ReadProcessMemory 要求または WriteProcessMemory 要求の一部だけを完了しました。 (0x12B)
[0515/143327.077:WARNING:pe_image_reader.cc(340)] could not read dos header from C:\Windows\System32\bcrypt.dll
[0515/143327.077:ERROR:process_memory_win.cc(73)] ReadMemory at 0x7fff8c020000 of 64 bytes failed: ReadProcessMemory 要求または WriteProcessMemory 要求の一部だけを完了しました。 (0x12B)
[0515/143327.077:WARNING:pe_image_reader.cc(340)] could not read dos header from C:\Windows\SYSTEM32\dbghelp.dll
[0515/143327.077:ERROR:process_memory_win.cc(73)] ReadMemory at 0x7fff89110000 of 64 bytes failed: ReadProcessMemory 要求または WriteProcessMemory 要求の一部だけを完了しました。 (0x12B)
[0515/143327.077:WARNING:pe_image_reader.cc(340)] could not read dos header from C:\Windows\SYSTEM32\WINHTTP.dll
[0515/143327.077:ERROR:process_memory_win.cc(73)] ReadMemory at 0x7fff88930000 of 64 bytes failed: ReadProcessMemory 要求または WriteProcessMemory 要求の一部だけを完了しました。 (0x12B)
[0515/143327.077:WARNING:pe_image_reader.cc(340)] could not read dos header from C:\Windows\SYSTEM32\dhcpcsvc.DLL
[0515/143327.077:ERROR:process_memory_win.cc(73)] ReadMemory at 0x7fff8ec10000 of 64 bytes failed: ReadProcessMemory 要求または WriteProcessMemory 要求の一部だけを完了しました。 (0x12B)
[0515/143327.077:WARNING:pe_image_reader.cc(340)] could not read dos header from C:\Windows\System32\NSI.dll
[0515/143327.077:ERROR:process_memory_win.cc(73)] ReadMemory at 0x7fff84ca0000 of 64 bytes failed: ReadProcessMemory 要求または WriteProcessMemory 要求の一部だけを完了しました。 (0x12B)
[0515/143327.077:WARNING:pe_image_reader.cc(340)] could not read dos header from C:\Windows\SYSTEM32\WINMMBASE.dll
[0515/143327.077:ERROR:process_memory_win.cc(73)] ReadMemory at 0x7fff8ebc0000 of 64 bytes failed: ReadProcessMemory 要求または WriteProcessMemory 要求の一部だけを完了しました。 (0x12B)
[0515/143327.077:WARNING:pe_image_reader.cc(340)] could not read dos header from C:\Windows\System32\cfgmgr32.dll
[0515/143327.077:ERROR:process_memory_win.cc(73)] ReadMemory at 0x7fff67f60000 of 64 bytes failed: ReadProcessMemory 要求または WriteProcessMemory 要求の一部だけを完了しました。 (0x12B)
[0515/143327.077:WARNING:pe_image_reader.cc(340)] could not read dos header from C:\Windows\SYSTEM32\Bcp47Langs.dll
[0515/143327.077:ERROR:process_memory_win.cc(73)] ReadMemory at 0x7fff8c440000 of 64 bytes failed: ReadProcessMemory 要求または WriteProcessMemory 要求の一部だけを完了しました。 (0x12B)
[0515/143327.077:WARNING:pe_image_reader.cc(340)] could not read dos header from C:\Windows\SYSTEM32\PROPSYS.dll
[0515/143327.077:ERROR:process_memory_win.cc(73)] ReadMemory at 0x7fff90a60000 of 64 bytes failed: ReadProcessMemory 要求または WriteProcessMemory 要求の一部だけを完了しました。 (0x12B)
[0515/143327.077:WARNING:pe_image_reader.cc(340)] could not read dos header from C:\Windows\System32\shcore.dll
[0515/143327.077:ERROR:process_memory_win.cc(73)] ReadMemory at 0x7fff8d8e0000 of 64 bytes failed: ReadProcessMemory 要求または WriteProcessMemory 要求の一部だけを完了しました。 (0x12B)
[0515/143327.077:WARNING:pe_image_reader.cc(340)] could not read dos header from C:\Windows\SYSTEM32\SSPICLI.DLL
[0515/143327.077:ERROR:process_memory_win.cc(73)] ReadMemory at 0x7fff8d330000 of 64 bytes failed: ReadProcessMemory 要求または WriteProcessMemory 要求の一部だけを完了しました。 (0x12B)
[0515/143327.077:WARNING:pe_image_reader.cc(340)] could not read dos header from C:\Windows\SYSTEM32\CRYPTBASE.DLL
[0515/143327.077:ERROR:process_memory_win.cc(73)] ReadMemory at 0x7ff7d4ee0000 of 64 bytes failed: ReadProcessMemory 要求または WriteProcessMemory 要求の一部だけを完了しました。 (0x12B)
[0515/143327.077:WARNING:pe_image_reader.cc(340)] could not read dos header from C:\Program Files (x86)\Google\Chrome\Application\chrome.exe
[0515/143327.077:ERROR:process_memory_win.cc(73)] ReadMemory at 0x7ff7d4ee0000 of 64 bytes failed: ReadProcessMemory 要求または WriteProcessMemory 要求の一部だけを完了しました。 (0x12B)
[0515/143327.077:WARNING:pe_image_reader.cc(340)] could not read dos header from C:\Program Files (x86)\Google\Chrome\Application\chrome.exe
[0515/143327.077:ERROR:process_memory_win.cc(73)] ReadMemory at 0x7fff919f0000 of 64 bytes failed: ReadProcessMemory 要求または WriteProcessMemory 要求の一部だけを完了しました。 (0x12B)
[0515/143327.077:WARNING:pe_image_reader.cc(340)] could not read dos header from C:\Windows\SYSTEM32\ntdll.dll
[0515/143327.077:ERROR:process_memory_win.cc(73)] ReadMemory at 0x7fff919f0000 of 64 bytes failed: ReadProcessMemory 要求または WriteProcessMemory 要求の一部だけを完了しました。 (0x12B)
[0515/143327.077:WARNING:pe_image_reader.cc(340)] could not read dos header from C:\Windows\SYSTEM32\ntdll.dll
[0515/143327.077:ERROR:process_memory_win.cc(73)] ReadMemory at 0x7fff90880000 of 64 bytes failed: ReadProcessMemory 要求または WriteProcessMemory 要求の一部だけを完了しました。 (0x12B)
[0515/143327.077:WARNING:pe_image_reader.cc(340)] could not read dos header from C:\Windows\System32\KERNEL32.DLL
[0515/143327.077:ERROR:process_memory_win.cc(73)] ReadMemory at 0x7fff90880000 of 64 bytes failed: ReadProcessMemory 要求または WriteProcessMemory 要求の一部だけを完了しました。 (0x12B)
[0515/143327.077:WARNING:pe_image_reader.cc(340)] could not read dos header from C:\Windows\System32\KERNEL32.DLL
[0515/143327.078:ERROR:process_memory_win.cc(73)] ReadMemory at 0x7fff8e050000 of 64 bytes failed: ReadProcessMemory 要求または WriteProcessMemory 要求の一部だけを完了しました。 (0x12B)
[0515/143327.078:WARNING:pe_image_reader.cc(340)] could not read dos header from C:\Windows\System32\KERNELBASE.dll
[0515/143327.078:ERROR:process_memory_win.cc(73)] ReadMemory at 0x7fff8e050000 of 64 bytes failed: ReadProcessMemory 要求または WriteProcessMemory 要求の一部だけを完了しました。 (0x12B)
[0515/143327.078:WARNING:pe_image_reader.cc(340)] could not read dos header from C:\Windows\System32\KERNELBASE.dll
[0515/143327.078:ERROR:process_memory_win.cc(73)] ReadMemory at 0x7fff172d0000 of 64 bytes failed: ReadProcessMemory 要求または WriteProcessMemory 要求の一部だけを完了しました。 (0x12B)
[0515/143327.078:WARNING:pe_image_reader.cc(340)] could not read dos header from C:\Program Files (x86)\Google\Chrome\Application\81.0.4044.138\chrome_elf.dll
[0515/143327.078:ERROR:process_memory_win.cc(73)] ReadMemory at 0x7fff172d0000 of 64 bytes failed: ReadProcessMemory 要求または WriteProcessMemory 要求の一部だけを完了しました。 (0x12B)
[0515/143327.078:WARNING:pe_image_reader.cc(340)] could not read dos header from C:\Program Files (x86)\Google\Chrome\Application\81.0.4044.138\chrome_elf.dll
[0515/143327.078:ERROR:process_memory_win.cc(73)] ReadMemory at 0x7fff89910000 of 64 bytes failed: ReadProcessMemory 要求または WriteProcessMemory 要求の一部だけを完了しました。 (0x12B)
[0515/143327.078:WARNING:pe_image_reader.cc(340)] could not read dos header from C:\Windows\SYSTEM32\VERSION.dll
[0515/143327.078:ERROR:process_memory_win.cc(73)] ReadMemory at 0x7fff89910000 of 64 bytes failed: ReadProcessMemory 要求または WriteProcessMemory 要求の一部だけを完了しました。 (0x12B)
[0515/143327.078:WARNING:pe_image_reader.cc(340)] could not read dos header from C:\Windows\SYSTEM32\VERSION.dll
[0515/143327.078:ERROR:process_memory_win.cc(73)] ReadMemory at 0x7fff912c0000 of 64 bytes failed: ReadProcessMemory 要求または WriteProcessMemory 要求の一部だけを完了しました。 (0x12B)
[0515/143327.078:WARNING:pe_image_reader.cc(340)] could not read dos header from C:\Windows\System32\msvcrt.dll
[0515/143327.078:ERROR:process_memory_win.cc(73)] ReadMemory at 0x7fff912c0000 of 64 bytes failed: ReadProcessMemory 要求または WriteProcessMemory 要求の一部だけを完了しました。 (0x12B)
[0515/143327.078:WARNING:pe_image_reader.cc(340)] could not read dos header from C:\Windows\System32\msvcrt.dll
[0515/143327.078:ERROR:process_memory_win.cc(73)] ReadMemory at 0x7fff8ddf0000 of 64 bytes failed: ReadProcessMemory 要求または WriteProcessMemory 要求の一部だけを完了しました。 (0x12B)
[0515/143327.078:WARNING:pe_image_reader.cc(340)] could not read dos header from C:\Windows\System32\bcryptPrimitives.dll
[0515/143327.078:ERROR:process_memory_win.cc(73)] ReadMemory at 0x7fff8ddf0000 of 64 bytes failed: ReadProcessMemory 要求または WriteProcessMemory 要求の一部だけを完了しました。 (0x12B)
[0515/143327.078:WARNING:pe_image_reader.cc(340)] could not read dos header from C:\Windows\System32\bcryptPrimitives.dll
[0515/143327.078:ERROR:process_memory_win.cc(73)] ReadMemory at 0x7fff90b10000 of 64 bytes failed: ReadProcessMemory 要求または WriteProcessMemory 要求の一部だけを完了しました。 (0x12B)
[0515/143327.078:WARNING:pe_image_reader.cc(340)] could not read dos header from C:\Windows\System32\ADVAPI32.dll
[0515/143327.078:ERROR:process_memory_win.cc(73)] ReadMemory at 0x7fff90b10000 of 64 bytes failed: ReadProcessMemory 要求または WriteProcessMemory 要求の一部だけを完了しました。 (0x12B)
[0515/143327.078:WARNING:pe_image_reader.cc(340)] could not read dos header from C:\Windows\System32\ADVAPI32.dll
[0515/143327.078:ERROR:process_memory_win.cc(73)] ReadMemory at 0x7fff8f270000 of 64 bytes failed: ReadProcessMemory 要求または WriteProcessMemory 要求の一部だけを完了しました。 (0x12B)
[0515/143327.078:WARNING:pe_image_reader.cc(340)] could not read dos header from C:\Windows\System32\sechost.dll
[0515/143327.078:ERROR:process_memory_win.cc(73)] ReadMemory at 0x7fff8f270000 of 64 bytes failed: ReadProcessMemory 要求または WriteProcessMemory 要求の一部だけを完了しました。 (0x12B)
[0515/143327.078:WARNING:pe_image_reader.cc(340)] could not read dos header from C:\Windows\System32\sechost.dll
[0515/143327.078:ERROR:process_memory_win.cc(73)] ReadMemory at 0x7fff91710000 of 64 bytes failed: ReadProcessMemory 要求または WriteProcessMemory 要求の一部だけを完了しました。 (0x12B)
[0515/143327.078:WARNING:pe_image_reader.cc(340)] could not read dos header from C:\Windows\System32\RPCRT4.dll
[0515/143327.078:ERROR:process_memory_win.cc(73)] ReadMemory at 0x7fff91710000 of 64 bytes failed: ReadProcessMemory 要求または WriteProcessMemory 要求の一部だけを完了しました。 (0x12B)
[0515/143327.078:WARNING:pe_image_reader.cc(340)] could not read dos header from C:\Windows\System32\RPCRT4.dll
[0515/143327.078:ERROR:process_memory_win.cc(73)] ReadMemory at 0x7ffef2d70000 of 64 bytes failed: ReadProcessMemory 要求または WriteProcessMemory 要求の一部だけを完了しました。 (0x12B)
[0515/143327.078:WARNING:pe_image_reader.cc(340)] could not read dos header from C:\Program Files (x86)\Google\Chrome\Application\81.0.4044.138\chrome.dll
[0515/143327.078:ERROR:process_memory_win.cc(73)] ReadMemory at 0x7ffef2d70000 of 64 bytes failed: ReadProcessMemory 要求または WriteProcessMemory 要求の一部だけを完了しました。 (0x12B)
[0515/143327.078:WARNING:pe_image_reader.cc(340)] could not read dos header from C:\Program Files (x86)\Google\Chrome\Application\81.0.4044.138\chrome.dll
[0515/143327.078:ERROR:process_memory_win.cc(73)] ReadMemory at 0x7fff90810000 of 64 bytes failed: ReadProcessMemory 要求または WriteProcessMemory 要求の一部だけを完了しました。 (0x12B)
[0515/143327.078:WARNING:pe_image_reader.cc(340)] could not read dos header from C:\Windows\System32\WS2_32.dll
[0515/143327.078:ERROR:process_memory_win.cc(73)] ReadMemory at 0x7fff90810000 of 64 bytes failed: ReadProcessMemory 要求または WriteProcessMemory 要求の一部だけを完了しました。 (0x12B)
[0515/143327.078:WARNING:pe_image_reader.cc(340)] could not read dos header from C:\Windows\System32\WS2_32.dll
[0515/143327.079:ERROR:process_memory_win.cc(73)] ReadMemory at 0x7fff8f1a0000 of 64 bytes failed: ReadProcessMemory 要求または WriteProcessMemory 要求の一部だけを完了しました。 (0x12B)
[0515/143327.079:WARNING:pe_image_reader.cc(340)] could not read dos header from C:\Windows\System32\OLEAUT32.dll
[0515/143327.079:ERROR:process_memory_win.cc(73)] ReadMemory at 0x7fff8f1a0000 of 64 bytes failed: ReadProcessMemory 要求または WriteProcessMemory 要求の一部だけを完了しました。 (0x12B)
[0515/143327.079:WARNING:pe_image_reader.cc(340)] could not read dos header from C:\Windows\System32\OLEAUT32.dll
[0515/143327.079:ERROR:process_memory_win.cc(73)] ReadMemory at 0x7fff8e3a0000 of 64 bytes failed: ReadProcessMemory 要求または WriteProcessMemory 要求の一部だけを完了しました。 (0x12B)
[0515/143327.079:WARNING:pe_image_reader.cc(340)] could not read dos header from C:\Windows\System32\msvcp_win.dll
[0515/143327.079:ERROR:process_memory_win.cc(73)] ReadMemory at 0x7fff8e3a0000 of 64 bytes failed: ReadProcessMemory 要求または WriteProcessMemory 要求の一部だけを完了しました。 (0x12B)
[0515/143327.079:WARNING:pe_image_reader.cc(340)] could not read dos header from C:\Windows\System32\msvcp_win.dll
[0515/143327.079:ERROR:process_memory_win.cc(73)] ReadMemory at 0x7fff8dab0000 of 64 bytes failed: ReadProcessMemory 要求または WriteProcessMemory 要求の一部だけを完了しました。 (0x12B)
[0515/143327.079:WARNING:pe_image_reader.cc(340)] could not read dos header from C:\Windows\System32\ucrtbase.dll
[0515/143327.079:ERROR:process_memory_win.cc(73)] ReadMemory at 0x7fff8dab0000 of 64 bytes failed: ReadProcessMemory 要求または WriteProcessMemory 要求の一部だけを完了しました。 (0x12B)
[0515/143327.079:WARNING:pe_image_reader.cc(340)] could not read dos header from C:\Windows\System32\ucrtbase.dll
[0515/143327.079:ERROR:process_memory_win.cc(73)] ReadMemory at 0x7fff91360000 of 64 bytes failed: ReadProcessMemory 要求または WriteProcessMemory 要求の一部だけを完了しました。 (0x12B)
[0515/143327.079:WARNING:pe_image_reader.cc(340)] could not read dos header from C:\Windows\System32\combase.dll
[0515/143327.079:ERROR:process_memory_win.cc(73)] ReadMemory at 0x7fff91360000 of 64 bytes failed: ReadProcessMemory 要求または WriteProcessMemory 要求の一部だけを完了しました。 (0x12B)
[0515/143327.079:WARNING:pe_image_reader.cc(340)] could not read dos header from C:\Windows\System32\combase.dll
[0515/143327.079:ERROR:process_memory_win.cc(73)] ReadMemory at 0x7fff8dd90000 of 64 bytes failed: ReadProcessMemory 要求または WriteProcessMemory 要求の一部だけを完了しました。 (0x12B)
[0515/143327.079:WARNING:pe_image_reader.cc(340)] could not read dos header from C:\Windows\System32\WINTRUST.dll
[0515/143327.079:ERROR:process_memory_win.cc(73)] ReadMemory at 0x7fff8dd90000 of 64 bytes failed: ReadProcessMemory 要求または WriteProcessMemory 要求の一部だけを完了しました。 (0x12B)
[0515/143327.079:WARNING:pe_image_reader.cc(340)] could not read dos header from C:\Windows\System32\WINTRUST.dll
[0515/143327.079:ERROR:process_memory_win.cc(73)] ReadMemory at 0x7fff8d9e0000 of 64 bytes failed: ReadProcessMemory 要求または WriteProcessMemory 要求の一部だけを完了しました。 (0x12B)
[0515/143327.079:WARNING:pe_image_reader.cc(340)] could not read dos header from C:\Windows\System32\MSASN1.dll
[0515/143327.079:ERROR:process_memory_win.cc(73)] ReadMemory at 0x7fff8d9e0000 of 64 bytes failed: ReadProcessMemory 要求または WriteProcessMemory 要求の一部だけを完了しました。 (0x12B)
[0515/143327.079:WARNING:pe_image_reader.cc(340)] could not read dos header from C:\Windows\System32\MSASN1.dll
[0515/143327.079:ERROR:process_memory_win.cc(73)] ReadMemory at 0x7fff8dbb0000 of 64 bytes failed: ReadProcessMemory 要求または WriteProcessMemory 要求の一部だけを完了しました。 (0x12B)
[0515/143327.079:WARNING:pe_image_reader.cc(340)] could not read dos header from C:\Windows\System32\CRYPT32.dll
[0515/143327.079:ERROR:process_memory_win.cc(73)] ReadMemory at 0x7fff8dbb0000 of 64 bytes failed: ReadProcessMemory 要求または WriteProcessMemory 要求の一部だけを完了しました。 (0x12B)
[0515/143327.079:WARNING:pe_image_reader.cc(340)] could not read dos header from C:\Windows\System32\CRYPT32.dll
[0515/143327.079:ERROR:process_memory_win.cc(73)] ReadMemory at 0x7fff8ced0000 of 64 bytes failed: ReadProcessMemory 要求または WriteProcessMemory 要求の一部だけを完了しました。 (0x12B)
[0515/143327.079:WARNING:pe_image_reader.cc(340)] could not read dos header from C:\Windows\SYSTEM32\IPHLPAPI.DLL
[0515/143327.079:ERROR:process_memory_win.cc(73)] ReadMemory at 0x7fff8ced0000 of 64 bytes failed: ReadProcessMemory 要求または WriteProcessMemory 要求の一部だけを完了しました。 (0x12B)
[0515/143327.079:WARNING:pe_image_reader.cc(340)] could not read dos header from C:\Windows\SYSTEM32\IPHLPAPI.DLL
[0515/143327.079:ERROR:process_memory_win.cc(73)] ReadMemory at 0x7fff84cf0000 of 64 bytes failed: ReadProcessMemory 要求または WriteProcessMemory 要求の一部だけを完了しました。 (0x12B)
[0515/143327.079:WARNING:pe_image_reader.cc(340)] could not read dos header from C:\Windows\SYSTEM32\WINMM.dll
[0515/143327.079:ERROR:process_memory_win.cc(73)] ReadMemory at 0x7fff84cf0000 of 64 bytes failed: ReadProcessMemory 要求または WriteProcessMemory 要求の一部だけを完了しました。 (0x12B)
[0515/143327.079:WARNING:pe_image_reader.cc(340)] could not read dos header from C:\Windows\SYSTEM32\WINMM.dll
[0515/143327.079:ERROR:process_memory_win.cc(73)] ReadMemory at 0x7fff844d0000 of 64 bytes failed: ReadProcessMemory 要求または WriteProcessMemory 要求の一部だけを完了しました。 (0x12B)
[0515/143327.079:WARNING:pe_image_reader.cc(340)] could not read dos header from C:\Windows\SYSTEM32\Secur32.dll
[0515/143327.079:ERROR:process_memory_win.cc(73)] ReadMemory at 0x7fff844d0000 of 64 bytes failed: ReadProcessMemory 要求または WriteProcessMemory 要求の一部だけを完了しました。 (0x12B)
[0515/143327.079:WARNING:pe_image_reader.cc(340)] could not read dos header from C:\Windows\SYSTEM32\Secur32.dll
[0515/143327.079:ERROR:process_memory_win.cc(73)] ReadMemory at 0x7fff8d910000 of 64 bytes failed: ReadProcessMemory 要求または WriteProcessMemory 要求の一部だけを完了しました。 (0x12B)
[0515/143327.080:WARNING:pe_image_reader.cc(340)] could not read dos header from C:\Windows\SYSTEM32\USERENV.dll
[0515/143327.080:ERROR:process_memory_win.cc(73)] ReadMemory at 0x7fff8d910000 of 64 bytes failed: ReadProcessMemory 要求または WriteProcessMemory 要求の一部だけを完了しました。 (0x12B)
[0515/143327.080:WARNING:pe_image_reader.cc(340)] could not read dos header from C:\Windows\SYSTEM32\USERENV.dll
[0515/143327.080:ERROR:process_memory_win.cc(73)] ReadMemory at 0x7fff8da80000 of 64 bytes failed: ReadProcessMemory 要求または WriteProcessMemory 要求の一部だけを完了しました。 (0x12B)
[0515/143327.080:WARNING:pe_image_reader.cc(340)] could not read dos header from C:\Windows\System32\profapi.dll
[0515/143327.080:ERROR:process_memory_win.cc(73)] ReadMemory at 0x7fff8da80000 of 64 bytes failed: ReadProcessMemory 要求または WriteProcessMemory 要求の一部だけを完了しました。 (0x12B)
[0515/143327.080:WARNING:pe_image_reader.cc(340)] could not read dos header from C:\Windows\System32\profapi.dll
[0515/143327.080:ERROR:process_memory_win.cc(73)] ReadMemory at 0x7fff42670000 of 64 bytes failed: ReadProcessMemory 要求または WriteProcessMemory 要求の一部だけを完了しました。 (0x12B)
[0515/143327.080:WARNING:pe_image_reader.cc(340)] could not read dos header from C:\Windows\SYSTEM32\UIAutomationCore.DLL
[0515/143327.080:ERROR:process_memory_win.cc(73)] ReadMemory at 0x7fff42670000 of 64 bytes failed: ReadProcessMemory 要求または WriteProcessMemory 要求の一部だけを完了しました。 (0x12B)
[0515/143327.080:WARNING:pe_image_reader.cc(340)] could not read dos header from C:\Windows\SYSTEM32\UIAutomationCore.DLL
[0515/143327.080:ERROR:process_memory_win.cc(73)] ReadMemory at 0x7fff53a20000 of 64 bytes failed: ReadProcessMemory 要求または WriteProcessMemory 要求の一部だけを完了しました。 (0x12B)
[0515/143327.080:WARNING:pe_image_reader.cc(340)] could not read dos header from C:\Windows\SYSTEM32\DWrite.dll
[0515/143327.080:ERROR:process_memory_win.cc(73)] ReadMemory at 0x7fff53a20000 of 64 bytes failed: ReadProcessMemory 要求または WriteProcessMemory 要求の一部だけを完了しました。 (0x12B)
[0515/143327.080:WARNING:pe_image_reader.cc(340)] could not read dos header from C:\Windows\SYSTEM32\DWrite.dll
[0515/143327.080:ERROR:process_memory_win.cc(73)] ReadMemory at 0x7fff88330000 of 64 bytes failed: ReadProcessMemory 要求または WriteProcessMemory 要求の一部だけを完了しました。 (0x12B)
[0515/143327.080:WARNING:pe_image_reader.cc(340)] could not read dos header from C:\Windows\SYSTEM32\WINSPOOL.DRV
[0515/143327.080:ERROR:process_memory_win.cc(73)] ReadMemory at 0x7fff88330000 of 64 bytes failed: ReadProcessMemory 要求または WriteProcessMemory 要求の一部だけを完了しました。 (0x12B)
[0515/143327.080:WARNING:pe_image_reader.cc(340)] could not read dos header from C:\Windows\SYSTEM32\WINSPOOL.DRV
[0515/143327.080:ERROR:process_memory_win.cc(73)] ReadMemory at 0x7fff8da00000 of 64 bytes failed: ReadProcessMemory 要求または WriteProcessMemory 要求の一部だけを完了しました。 (0x12B)
[0515/143327.080:WARNING:pe_image_reader.cc(340)] could not read dos header from C:\Windows\System32\kernel.appcore.dll
[0515/143327.080:ERROR:process_memory_win.cc(73)] ReadMemory at 0x7fff8da00000 of 64 bytes failed: ReadProcessMemory 要求または WriteProcessMemory 要求の一部だけを完了しました。 (0x12B)
[0515/143327.080:WARNING:pe_image_reader.cc(340)] could not read dos header from C:\Windows\System32\kernel.appcore.dll
[0515/143327.080:ERROR:process_memory_win.cc(73)] ReadMemory at 0x7fff8eb90000 of 64 bytes failed: ReadProcessMemory 要求または WriteProcessMemory 要求の一部だけを完了しました。 (0x12B)
[0515/143327.080:WARNING:pe_image_reader.cc(340)] could not read dos header from C:\Windows\System32\bcrypt.dll
[0515/143327.080:ERROR:process_memory_win.cc(73)] ReadMemory at 0x7fff8eb90000 of 64 bytes failed: ReadProcessMemory 要求または WriteProcessMemory 要求の一部だけを完了しました。 (0x12B)
[0515/143327.080:WARNING:pe_image_reader.cc(340)] could not read dos header from C:\Windows\System32\bcrypt.dll
[0515/143327.080:ERROR:process_memory_win.cc(73)] ReadMemory at 0x7fff8c020000 of 64 bytes failed: ReadProcessMemory 要求または WriteProcessMemory 要求の一部だけを完了しました。 (0x12B)
[0515/143327.080:WARNING:pe_image_reader.cc(340)] could not read dos header from C:\Windows\SYSTEM32\dbghelp.dll
[0515/143327.080:ERROR:process_memory_win.cc(73)] ReadMemory at 0x7fff8c020000 of 64 bytes failed: ReadProcessMemory 要求または WriteProcessMemory 要求の一部だけを完了しました。 (0x12B)
[0515/143327.080:WARNING:pe_image_reader.cc(340)] could not read dos header from C:\Windows\SYSTEM32\dbghelp.dll
[0515/143327.080:ERROR:process_memory_win.cc(73)] ReadMemory at 0x7fff89110000 of 64 bytes failed: ReadProcessMemory 要求または WriteProcessMemory 要求の一部だけを完了しました。 (0x12B)
[0515/143327.080:WARNING:pe_image_reader.cc(340)] could not read dos header from C:\Windows\SYSTEM32\WINHTTP.dll
[0515/143327.080:ERROR:process_memory_win.cc(73)] ReadMemory at 0x7fff89110000 of 64 bytes failed: ReadProcessMemory 要求または WriteProcessMemory 要求の一部だけを完了しました。 (0x12B)
[0515/143327.080:WARNING:pe_image_reader.cc(340)] could not read dos header from C:\Windows\SYSTEM32\WINHTTP.dll
[0515/143327.080:ERROR:process_memory_win.cc(73)] ReadMemory at 0x7fff88930000 of 64 bytes failed: ReadProcessMemory 要求または WriteProcessMemory 要求の一部だけを完了しました。 (0x12B)
[0515/143327.080:WARNING:pe_image_reader.cc(340)] could not read dos header from C:\Windows\SYSTEM32\dhcpcsvc.DLL
[0515/143327.080:ERROR:process_memory_win.cc(73)] ReadMemory at 0x7fff88930000 of 64 bytes failed: ReadProcessMemory 要求または WriteProcessMemory 要求の一部だけを完了しました。 (0x12B)
[0515/143327.080:WARNING:pe_image_reader.cc(340)] could not read dos header from C:\Windows\SYSTEM32\dhcpcsvc.DLL
[0515/143327.081:ERROR:process_memory_win.cc(73)] ReadMemory at 0x7fff8ec10000 of 64 bytes failed: ReadProcessMemory 要求または WriteProcessMemory 要求の一部だけを完了しました。 (0x12B)
[0515/143327.081:WARNING:pe_image_reader.cc(340)] could not read dos header from C:\Windows\System32\NSI.dll
[0515/143327.081:ERROR:process_memory_win.cc(73)] ReadMemory at 0x7fff8ec10000 of 64 bytes failed: ReadProcessMemory 要求または WriteProcessMemory 要求の一部だけを完了しました。 (0x12B)
[0515/143327.081:WARNING:pe_image_reader.cc(340)] could not read dos header from C:\Windows\System32\NSI.dll
[0515/143327.081:ERROR:process_memory_win.cc(73)] ReadMemory at 0x7fff84ca0000 of 64 bytes failed: ReadProcessMemory 要求または WriteProcessMemory 要求の一部だけを完了しました。 (0x12B)
[0515/143327.081:WARNING:pe_image_reader.cc(340)] could not read dos header from C:\Windows\SYSTEM32\WINMMBASE.dll
[0515/143327.081:ERROR:process_memory_win.cc(73)] ReadMemory at 0x7fff84ca0000 of 64 bytes failed: ReadProcessMemory 要求または WriteProcessMemory 要求の一部だけを完了しました。 (0x12B)
[0515/143327.081:WARNING:pe_image_reader.cc(340)] could not read dos header from C:\Windows\SYSTEM32\WINMMBASE.dll
[0515/143327.081:ERROR:process_memory_win.cc(73)] ReadMemory at 0x7fff8ebc0000 of 64 bytes failed: ReadProcessMemory 要求または WriteProcessMemory 要求の一部だけを完了しました。 (0x12B)
[0515/143327.081:WARNING:pe_image_reader.cc(340)] could not read dos header from C:\Windows\System32\cfgmgr32.dll
[0515/143327.081:ERROR:process_memory_win.cc(73)] ReadMemory at 0x7fff8ebc0000 of 64 bytes failed: ReadProcessMemory 要求または WriteProcessMemory 要求の一部だけを完了しました。 (0x12B)
[0515/143327.081:WARNING:pe_image_reader.cc(340)] could not read dos header from C:\Windows\System32\cfgmgr32.dll
[0515/143327.081:ERROR:process_memory_win.cc(73)] ReadMemory at 0x7fff67f60000 of 64 bytes failed: ReadProcessMemory 要求または WriteProcessMemory 要求の一部だけを完了しました。 (0x12B)
[0515/143327.081:WARNING:pe_image_reader.cc(340)] could not read dos header from C:\Windows\SYSTEM32\Bcp47Langs.dll
[0515/143327.081:ERROR:process_memory_win.cc(73)] ReadMemory at 0x7fff67f60000 of 64 bytes failed: ReadProcessMemory 要求または WriteProcessMemory 要求の一部だけを完了しました。 (0x12B)
[0515/143327.081:WARNING:pe_image_reader.cc(340)] could not read dos header from C:\Windows\SYSTEM32\Bcp47Langs.dll
[0515/143327.081:ERROR:process_memory_win.cc(73)] ReadMemory at 0x7fff8c440000 of 64 bytes failed: ReadProcessMemory 要求または WriteProcessMemory 要求の一部だけを完了しました。 (0x12B)
[0515/143327.081:WARNING:pe_image_reader.cc(340)] could not read dos header from C:\Windows\SYSTEM32\PROPSYS.dll
[0515/143327.081:ERROR:process_memory_win.cc(73)] ReadMemory at 0x7fff8c440000 of 64 bytes failed: ReadProcessMemory 要求または WriteProcessMemory 要求の一部だけを完了しました。 (0x12B)
[0515/143327.081:WARNING:pe_image_reader.cc(340)] could not read dos header from C:\Windows\SYSTEM32\PROPSYS.dll
[0515/143327.081:ERROR:process_memory_win.cc(73)] ReadMemory at 0x7fff90a60000 of 64 bytes failed: ReadProcessMemory 要求または WriteProcessMemory 要求の一部だけを完了しました。 (0x12B)
[0515/143327.081:WARNING:pe_image_reader.cc(340)] could not read dos header from C:\Windows\System32\shcore.dll
[0515/143327.081:ERROR:process_memory_win.cc(73)] ReadMemory at 0x7fff90a60000 of 64 bytes failed: ReadProcessMemory 要求または WriteProcessMemory 要求の一部だけを完了しました。 (0x12B)
[0515/143327.081:WARNING:pe_image_reader.cc(340)] could not read dos header from C:\Windows\System32\shcore.dll
[0515/143327.081:ERROR:process_memory_win.cc(73)] ReadMemory at 0x7fff8d8e0000 of 64 bytes failed: ReadProcessMemory 要求または WriteProcessMemory 要求の一部だけを完了しました。 (0x12B)
[0515/143327.081:WARNING:pe_image_reader.cc(340)] could not read dos header from C:\Windows\SYSTEM32\SSPICLI.DLL
[0515/143327.081:ERROR:process_memory_win.cc(73)] ReadMemory at 0x7fff8d8e0000 of 64 bytes failed: ReadProcessMemory 要求または WriteProcessMemory 要求の一部だけを完了しました。 (0x12B)
[0515/143327.081:WARNING:pe_image_reader.cc(340)] could not read dos header from C:\Windows\SYSTEM32\SSPICLI.DLL
[0515/143327.081:ERROR:process_memory_win.cc(73)] ReadMemory at 0x7fff8d330000 of 64 bytes failed: ReadProcessMemory 要求または WriteProcessMemory 要求の一部だけを完了しました。 (0x12B)
[0515/143327.081:WARNING:pe_image_reader.cc(340)] could not read dos header from C:\Windows\SYSTEM32\CRYPTBASE.DLL
[0515/143327.081:ERROR:process_memory_win.cc(73)] ReadMemory at 0x7fff8d330000 of 64 bytes failed: ReadProcessMemory 要求または WriteProcessMemory 要求の一部だけを完了しました。 (0x12B)
[0515/143327.081:WARNING:pe_image_reader.cc(340)] could not read dos header from C:\Windows\SYSTEM32\CRYPTBASE.DLL
[0515/143327.129:ERROR:process_memory_win.cc(73)] ReadMemory at 0x7ff7d4ee0000 of 64 bytes failed: ReadProcessMemory 要求または WriteProcessMemory 要求の一部だけを完了しました。 (0x12B)
[0515/143327.129:WARNING:pe_image_reader.cc(340)] could not read dos header from C:\Program Files (x86)\Google\Chrome\Application\chrome.exe
[0515/143327.129:ERROR:process_memory_win.cc(73)] ReadMemory at 0x7fff919f0000 of 64 bytes failed: ReadProcessMemory 要求または WriteProcessMemory 要求の一部だけを完了しました。 (0x12B)
[0515/143327.129:WARNING:pe_image_reader.cc(340)] could not read dos header from C:\Windows\SYSTEM32\ntdll.dll
[0515/143327.129:ERROR:process_memory_win.cc(73)] ReadMemory at 0x7fff90880000 of 64 bytes failed: ReadProcessMemory 要求または WriteProcessMemory 要求の一部だけを完了しました。 (0x12B)
[0515/143327.129:WARNING:pe_image_reader.cc(340)] could not read dos header from C:\Windows\System32\KERNEL32.DLL
[0515/143327.129:ERROR:process_memory_win.cc(73)] ReadMemory at 0x7fff8e050000 of 64 bytes failed: ReadProcessMemory 要求または WriteProcessMemory 要求の一部だけを完了しました。 (0x12B)
[0515/143327.129:WARNING:pe_image_reader.cc(340)] could not read dos header from C:\Windows\System32\KERNELBASE.dll
[0515/143327.129:ERROR:process_memory_win.cc(73)] ReadMemory at 0x7fff172d0000 of 64 bytes failed: ReadProcessMemory 要求または WriteProcessMemory 要求の一部だけを完了しました。 (0x12B)
[0515/143327.129:WARNING:pe_image_reader.cc(340)] could not read dos header from C:\Program Files (x86)\Google\Chrome\Application\81.0.4044.138\chrome_elf.dll
[0515/143327.129:ERROR:process_memory_win.cc(73)] ReadMemory at 0x7fff89910000 of 64 bytes failed: ReadProcessMemory 要求または WriteProcessMemory 要求の一部だけを完了しました。 (0x12B)
[0515/143327.129:WARNING:pe_image_reader.cc(340)] could not read dos header from C:\Windows\SYSTEM32\VERSION.dll
[0515/143327.129:ERROR:process_memory_win.cc(73)] ReadMemory at 0x7fff912c0000 of 64 bytes failed: ReadProcessMemory 要求または WriteProcessMemory 要求の一部だけを完了しました。 (0x12B)
[0515/143327.129:WARNING:pe_image_reader.cc(340)] could not read dos header from C:\Windows\System32\msvcrt.dll
[0515/143327.129:ERROR:process_memory_win.cc(73)] ReadMemory at 0x7fff8ddf0000 of 64 bytes failed: ReadProcessMemory 要求または WriteProcessMemory 要求の一部だけを完了しました。 (0x12B)
[0515/143327.129:WARNING:pe_image_reader.cc(340)] could not read dos header from C:\Windows\System32\bcryptPrimitives.dll
[0515/143327.129:ERROR:process_memory_win.cc(73)] ReadMemory at 0x7fff90b10000 of 64 bytes failed: ReadProcessMemory 要求または WriteProcessMemory 要求の一部だけを完了しました。 (0x12B)
[0515/143327.129:WARNING:pe_image_reader.cc(340)] could not read dos header from C:\Windows\System32\ADVAPI32.dll
[0515/143327.129:ERROR:process_memory_win.cc(73)] ReadMemory at 0x7fff8f270000 of 64 bytes failed: ReadProcessMemory 要求または WriteProcessMemory 要求の一部だけを完了しました。 (0x12B)
[0515/143327.129:WARNING:pe_image_reader.cc(340)] could not read dos header from C:\Windows\System32\sechost.dll
[0515/143327.129:ERROR:process_memory_win.cc(73)] ReadMemory at 0x7fff91710000 of 64 bytes failed: ReadProcessMemory 要求または WriteProcessMemory 要求の一部だけを完了しました。 (0x12B)
[0515/143327.129:WARNING:pe_image_reader.cc(340)] could not read dos header from C:\Windows\System32\RPCRT4.dll
[0515/143327.129:ERROR:process_memory_win.cc(73)] ReadMemory at 0x7ffef2d70000 of 64 bytes failed: ReadProcessMemory 要求または WriteProcessMemory 要求の一部だけを完了しました。 (0x12B)
[0515/143327.129:WARNING:pe_image_reader.cc(340)] could not read dos header from C:\Program Files (x86)\Google\Chrome\Application\81.0.4044.138\chrome.dll
[0515/143327.129:ERROR:process_memory_win.cc(73)] ReadMemory at 0x7fff90810000 of 64 bytes failed: ReadProcessMemory 要求または WriteProcessMemory 要求の一部だけを完了しました。 (0x12B)
[0515/143327.129:WARNING:pe_image_reader.cc(340)] could not read dos header from C:\Windows\System32\WS2_32.dll
[0515/143327.129:ERROR:process_memory_win.cc(73)] ReadMemory at 0x7fff8f1a0000 of 64 bytes failed: ReadProcessMemory 要求または WriteProcessMemory 要求の一部だけを完了しました。 (0x12B)
[0515/143327.129:WARNING:pe_image_reader.cc(340)] could not read dos header from C:\Windows\System32\OLEAUT32.dll
[0515/143327.129:ERROR:process_memory_win.cc(73)] ReadMemory at 0x7fff8e3a0000 of 64 bytes failed: ReadProcessMemory 要求または WriteProcessMemory 要求の一部だけを完了しました。 (0x12B)
[0515/143327.129:WARNING:pe_image_reader.cc(340)] could not read dos header from C:\Windows\System32\msvcp_win.dll
[0515/143327.129:ERROR:process_memory_win.cc(73)] ReadMemory at 0x7fff8dab0000 of 64 bytes failed: ReadProcessMemory 要求または WriteProcessMemory 要求の一部だけを完了しました。 (0x12B)
[0515/143327.129:WARNING:pe_image_reader.cc(340)] could not read dos header from C:\Windows\System32\ucrtbase.dll
[0515/143327.129:ERROR:process_memory_win.cc(73)] ReadMemory at 0x7fff91360000 of 64 bytes failed: ReadProcessMemory 要求または WriteProcessMemory 要求の一部だけを完了しました。 (0x12B)
[0515/143327.129:WARNING:pe_image_reader.cc(340)] could not read dos header from C:\Windows\System32\combase.dll
[0515/143327.129:ERROR:process_memory_win.cc(73)] ReadMemory at 0x7fff8dd90000 of 64 bytes failed: ReadProcessMemory 要求または WriteProcessMemory 要求の一部だけを完了しました。 (0x12B)
[0515/143327.129:WARNING:pe_image_reader.cc(340)] could not read dos header from C:\Windows\System32\WINTRUST.dll
[0515/143327.129:ERROR:process_memory_win.cc(73)] ReadMemory at 0x7fff8d9e0000 of 64 bytes failed: ReadProcessMemory 要求または WriteProcessMemory 要求の一部だけを完了しました。 (0x12B)
[0515/143327.129:WARNING:pe_image_reader.cc(340)] could not read dos header from C:\Windows\System32\MSASN1.dll
[0515/143327.129:ERROR:process_memory_win.cc(73)] ReadMemory at 0x7fff8dbb0000 of 64 bytes failed: ReadProcessMemory 要求または WriteProcessMemory 要求の一部だけを完了しました。 (0x12B)
[0515/143327.130:WARNING:pe_image_reader.cc(340)] could not read dos header from C:\Windows\System32\CRYPT32.dll
[0515/143327.130:ERROR:process_memory_win.cc(73)] ReadMemory at 0x7fff8ced0000 of 64 bytes failed: ReadProcessMemory 要求または WriteProcessMemory 要求の一部だけを完了しました。 (0x12B)
[0515/143327.130:WARNING:pe_image_reader.cc(340)] could not read dos header from C:\Windows\SYSTEM32\IPHLPAPI.DLL
[0515/143327.130:ERROR:process_memory_win.cc(73)] ReadMemory at 0x7fff84cf0000 of 64 bytes failed: ReadProcessMemory 要求または WriteProcessMemory 要求の一部だけを完了しました。 (0x12B)
[0515/143327.130:WARNING:pe_image_reader.cc(340)] could not read dos header from C:\Windows\SYSTEM32\WINMM.dll
[0515/143327.130:ERROR:process_memory_win.cc(73)] ReadMemory at 0x7fff844d0000 of 64 bytes failed: ReadProcessMemory 要求または WriteProcessMemory 要求の一部だけを完了しました。 (0x12B)
[0515/143327.130:WARNING:pe_image_reader.cc(340)] could not read dos header from C:\Windows\SYSTEM32\Secur32.dll
[0515/143327.130:ERROR:process_memory_win.cc(73)] ReadMemory at 0x7fff8d910000 of 64 bytes failed: ReadProcessMemory 要求または WriteProcessMemory 要求の一部だけを完了しました。 (0x12B)
[0515/143327.130:WARNING:pe_image_reader.cc(340)] could not read dos header from C:\Windows\SYSTEM32\USERENV.dll
[0515/143327.130:ERROR:process_memory_win.cc(73)] ReadMemory at 0x7fff8da80000 of 64 bytes failed: ReadProcessMemory 要求または WriteProcessMemory 要求の一部だけを完了しました。 (0x12B)
[0515/143327.130:WARNING:pe_image_reader.cc(340)] could not read dos header from C:\Windows\System32\profapi.dll
[0515/143327.130:ERROR:process_memory_win.cc(73)] ReadMemory at 0x7fff42670000 of 64 bytes failed: ReadProcessMemory 要求または WriteProcessMemory 要求の一部だけを完了しました。 (0x12B)
[0515/143327.130:WARNING:pe_image_reader.cc(340)] could not read dos header from C:\Windows\SYSTEM32\UIAutomationCore.DLL
[0515/143327.130:ERROR:process_memory_win.cc(73)] ReadMemory at 0x7fff53a20000 of 64 bytes failed: ReadProcessMemory 要求または WriteProcessMemory 要求の一部だけを完了しました。 (0x12B)
[0515/143327.130:WARNING:pe_image_reader.cc(340)] could not read dos header from C:\Windows\SYSTEM32\DWrite.dll
[0515/143327.130:ERROR:process_memory_win.cc(73)] ReadMemory at 0x7fff88330000 of 64 bytes failed: ReadProcessMemory 要求または WriteProcessMemory 要求の一部だけを完了しました。 (0x12B)
[0515/143327.130:WARNING:pe_image_reader.cc(340)] could not read dos header from C:\Windows\SYSTEM32\WINSPOOL.DRV
[0515/143327.130:ERROR:process_memory_win.cc(73)] ReadMemory at 0x7fff8da00000 of 64 bytes failed: ReadProcessMemory 要求または WriteProcessMemory 要求の一部だけを完了しました。 (0x12B)
[0515/143327.130:WARNING:pe_image_reader.cc(340)] could not read dos header from C:\Windows\System32\kernel.appcore.dll
[0515/143327.130:ERROR:process_memory_win.cc(73)] ReadMemory at 0x7fff8eb90000 of 64 bytes failed: ReadProcessMemory 要求または WriteProcessMemory 要求の一部だけを完了しました。 (0x12B)
[0515/143327.130:WARNING:pe_image_reader.cc(340)] could not read dos header from C:\Windows\System32\bcrypt.dll
[0515/143327.130:ERROR:process_memory_win.cc(73)] ReadMemory at 0x7fff8c020000 of 64 bytes failed: ReadProcessMemory 要求または WriteProcessMemory 要求の一部だけを完了しました。 (0x12B)
[0515/143327.130:WARNING:pe_image_reader.cc(340)] could not read dos header from C:\Windows\SYSTEM32\dbghelp.dll
[0515/143327.130:ERROR:process_memory_win.cc(73)] ReadMemory at 0x7fff89110000 of 64 bytes failed: ReadProcessMemory 要求または WriteProcessMemory 要求の一部だけを完了しました。 (0x12B)
[0515/143327.130:WARNING:pe_image_reader.cc(340)] could not read dos header from C:\Windows\SYSTEM32\WINHTTP.dll
[0515/143327.130:ERROR:process_memory_win.cc(73)] ReadMemory at 0x7fff88930000 of 64 bytes failed: ReadProcessMemory 要求または WriteProcessMemory 要求の一部だけを完了しました。 (0x12B)
[0515/143327.130:WARNING:pe_image_reader.cc(340)] could not read dos header from C:\Windows\SYSTEM32\dhcpcsvc.DLL
[0515/143327.130:ERROR:process_memory_win.cc(73)] ReadMemory at 0x7fff8ec10000 of 64 bytes failed: ReadProcessMemory 要求または WriteProcessMemory 要求の一部だけを完了しました。 (0x12B)
[0515/143327.130:WARNING:pe_image_reader.cc(340)] could not read dos header from C:\Windows\System32\NSI.dll
[0515/143327.130:ERROR:process_memory_win.cc(73)] ReadMemory at 0x7fff84ca0000 of 64 bytes failed: ReadProcessMemory 要求または WriteProcessMemory 要求の一部だけを完了しました。 (0x12B)
[0515/143327.130:WARNING:pe_image_reader.cc(340)] could not read dos header from C:\Windows\SYSTEM32\WINMMBASE.dll
[0515/143327.130:ERROR:process_memory_win.cc(73)] ReadMemory at 0x7fff8ebc0000 of 64 bytes failed: ReadProcessMemory 要求または WriteProcessMemory 要求の一部だけを完了しました。 (0x12B)
[0515/143327.130:WARNING:pe_image_reader.cc(340)] could not read dos header from C:\Windows\System32\cfgmgr32.dll
[0515/143327.130:ERROR:process_memory_win.cc(73)] ReadMemory at 0x7fff67f60000 of 64 bytes failed: ReadProcessMemory 要求または WriteProcessMemory 要求の一部だけを完了しました。 (0x12B)
[0515/143327.130:WARNING:pe_image_reader.cc(340)] could not read dos header from C:\Windows\SYSTEM32\Bcp47Langs.dll
[0515/143327.130:ERROR:process_memory_win.cc(73)] ReadMemory at 0x7fff8c440000 of 64 bytes failed: ReadProcessMemory 要求または WriteProcessMemory 要求の一部だけを完了しました。 (0x12B)
[0515/143327.130:WARNING:pe_image_reader.cc(340)] could not read dos header from C:\Windows\SYSTEM32\PROPSYS.dll
[0515/143327.130:ERROR:process_memory_win.cc(73)] ReadMemory at 0x7fff90a60000 of 64 bytes failed: ReadProcessMemory 要求または WriteProcessMemory 要求の一部だけを完了しました。 (0x12B)
[0515/143327.130:WARNING:pe_image_reader.cc(340)] could not read dos header from C:\Windows\System32\shcore.dll
[0515/143327.130:ERROR:process_memory_win.cc(73)] ReadMemory at 0x7fff8d8e0000 of 64 bytes failed: ReadProcessMemory 要求または WriteProcessMemory 要求の一部だけを完了しました。 (0x12B)
[0515/143327.130:WARNING:pe_image_reader.cc(340)] could not read dos header from C:\Windows\SYSTEM32\SSPICLI.DLL
[0515/143327.130:ERROR:process_memory_win.cc(73)] ReadMemory at 0x7fff8d330000 of 64 bytes failed: ReadProcessMemory 要求または WriteProcessMemory 要求の一部だけを完了しました。 (0x12B)
[0515/143327.131:WARNING:pe_image_reader.cc(340)] could not read dos header from C:\Windows\SYSTEM32\CRYPTBASE.DLL
[0515/143327.135:ERROR:process_memory_win.cc(73)] ReadMemory at 0x7ff7d4ee0000 of 64 bytes failed: ReadProcessMemory 要求または WriteProcessMemory 要求の一部だけを完了しました。 (0x12B)
[0515/143327.135:WARNING:pe_image_reader.cc(340)] could not read dos header from C:\Program Files (x86)\Google\Chrome\Application\chrome.exe
[0515/143327.135:ERROR:process_memory_win.cc(73)] ReadMemory at 0x7fff919f0000 of 64 bytes failed: ReadProcessMemory 要求または WriteProcessMemory 要求の一部だけを完了しました。 (0x12B)
[0515/143327.135:WARNING:pe_image_reader.cc(340)] could not read dos header from C:\Windows\SYSTEM32\ntdll.dll
[0515/143327.135:ERROR:process_memory_win.cc(73)] ReadMemory at 0x7fff90880000 of 64 bytes failed: ReadProcessMemory 要求または WriteProcessMemory 要求の一部だけを完了しました。 (0x12B)
[0515/143327.135:WARNING:pe_image_reader.cc(340)] could not read dos header from C:\Windows\System32\KERNEL32.DLL
[0515/143327.135:ERROR:process_memory_win.cc(73)] ReadMemory at 0x7fff8e050000 of 64 bytes failed: ReadProcessMemory 要求または WriteProcessMemory 要求の一部だけを完了しました。 (0x12B)
[0515/143327.135:WARNING:pe_image_reader.cc(340)] could not read dos header from C:\Windows\System32\KERNELBASE.dll
[0515/143327.135:ERROR:process_memory_win.cc(73)] ReadMemory at 0x7fff172d0000 of 64 bytes failed: ReadProcessMemory 要求または WriteProcessMemory 要求の一部だけを完了しました。 (0x12B)
[0515/143327.135:WARNING:pe_image_reader.cc(340)] could not read dos header from C:\Program Files (x86)\Google\Chrome\Application\81.0.4044.138\chrome_elf.dll
[0515/143327.135:ERROR:process_memory_win.cc(73)] ReadMemory at 0x7fff89910000 of 64 bytes failed: ReadProcessMemory 要求または WriteProcessMemory 要求の一部だけを完了しました。 (0x12B)
[0515/143327.135:WARNING:pe_image_reader.cc(340)] could not read dos header from C:\Windows\SYSTEM32\VERSION.dll
[0515/143327.135:ERROR:process_memory_win.cc(73)] ReadMemory at 0x7fff912c0000 of 64 bytes failed: ReadProcessMemory 要求または WriteProcessMemory 要求の一部だけを完了しました。 (0x12B)
[0515/143327.135:WARNING:pe_image_reader.cc(340)] could not read dos header from C:\Windows\System32\msvcrt.dll
[0515/143327.135:ERROR:process_memory_win.cc(73)] ReadMemory at 0x7fff8ddf0000 of 64 bytes failed: ReadProcessMemory 要求または WriteProcessMemory 要求の一部だけを完了しました。 (0x12B)
[0515/143327.135:WARNING:pe_image_reader.cc(340)] could not read dos header from C:\Windows\System32\bcryptPrimitives.dll
[0515/143327.135:ERROR:process_memory_win.cc(73)] ReadMemory at 0x7fff90b10000 of 64 bytes failed: ReadProcessMemory 要求または WriteProcessMemory 要求の一部だけを完了しました。 (0x12B)
[0515/143327.135:WARNING:pe_image_reader.cc(340)] could not read dos header from C:\Windows\System32\ADVAPI32.dll
[0515/143327.135:ERROR:process_memory_win.cc(73)] ReadMemory at 0x7fff8f270000 of 64 bytes failed: ReadProcessMemory 要求または WriteProcessMemory 要求の一部だけを完了しました。 (0x12B)
[0515/143327.135:WARNING:pe_image_reader.cc(340)] could not read dos header from C:\Windows\System32\sechost.dll
[0515/143327.135:ERROR:process_memory_win.cc(73)] ReadMemory at 0x7fff91710000 of 64 bytes failed: ReadProcessMemory 要求または WriteProcessMemory 要求の一部だけを完了しました。 (0x12B)
[0515/143327.135:WARNING:pe_image_reader.cc(340)] could not read dos header from C:\Windows\System32\RPCRT4.dll
[0515/143327.135:ERROR:process_memory_win.cc(73)] ReadMemory at 0x7ffef2d70000 of 64 bytes failed: ReadProcessMemory 要求または WriteProcessMemory 要求の一部だけを完了しました。 (0x12B)
[0515/143327.135:WARNING:pe_image_reader.cc(340)] could not read dos header from C:\Program Files (x86)\Google\Chrome\Application\81.0.4044.138\chrome.dll
[0515/143327.135:ERROR:process_memory_win.cc(73)] ReadMemory at 0x7fff90810000 of 64 bytes failed: ReadProcessMemory 要求または WriteProcessMemory 要求の一部だけを完了しました。 (0x12B)
[0515/143327.135:WARNING:pe_image_reader.cc(340)] could not read dos header from C:\Windows\System32\WS2_32.dll
[0515/143327.135:ERROR:process_memory_win.cc(73)] ReadMemory at 0x7fff8f1a0000 of 64 bytes failed: ReadProcessMemory 要求または WriteProcessMemory 要求の一部だけを完了しました。 (0x12B)
[0515/143327.135:WARNING:pe_image_reader.cc(340)] could not read dos header from C:\Windows\System32\OLEAUT32.dll
[0515/143327.135:ERROR:process_memory_win.cc(73)] ReadMemory at 0x7fff8e3a0000 of 64 bytes failed: ReadProcessMemory 要求または WriteProcessMemory 要求の一部だけを完了しました。 (0x12B)
[0515/143327.135:WARNING:pe_image_reader.cc(340)] could not read dos header from C:\Windows\System32\msvcp_win.dll
[0515/143327.135:ERROR:process_memory_win.cc(73)] ReadMemory at 0x7fff8dab0000 of 64 bytes failed: ReadProcessMemory 要求または WriteProcessMemory 要求の一部だけを完了しました。 (0x12B)
[0515/143327.135:WARNING:pe_image_reader.cc(340)] could not read dos header from C:\Windows\System32\ucrtbase.dll
[0515/143327.135:ERROR:process_memory_win.cc(73)] ReadMemory at 0x7fff91360000 of 64 bytes failed: ReadProcessMemory 要求または WriteProcessMemory 要求の一部だけを完了しました。 (0x12B)
[0515/143327.135:WARNING:pe_image_reader.cc(340)] could not read dos header from C:\Windows\System32\combase.dll
[0515/143327.135:ERROR:process_memory_win.cc(73)] ReadMemory at 0x7fff8dd90000 of 64 bytes failed: ReadProcessMemory 要求または WriteProcessMemory 要求の一部だけを完了しました。 (0x12B)
[0515/143327.135:WARNING:pe_image_reader.cc(340)] could not read dos header from C:\Windows\System32\WINTRUST.dll
[0515/143327.136:ERROR:process_memory_win.cc(73)] ReadMemory at 0x7fff8d9e0000 of 64 bytes failed: ReadProcessMemory 要求または WriteProcessMemory 要求の一部だけを完了しました。 (0x12B)
[0515/143327.136:WARNING:pe_image_reader.cc(340)] could not read dos header from C:\Windows\System32\MSASN1.dll
[0515/143327.136:ERROR:process_memory_win.cc(73)] ReadMemory at 0x7fff8dbb0000 of 64 bytes failed: ReadProcessMemory 要求または WriteProcessMemory 要求の一部だけを完了しました。 (0x12B)
[0515/143327.136:WARNING:pe_image_reader.cc(340)] could not read dos header from C:\Windows\System32\CRYPT32.dll
[0515/143327.136:ERROR:process_memory_win.cc(73)] ReadMemory at 0x7fff8ced0000 of 64 bytes failed: ReadProcessMemory 要求または WriteProcessMemory 要求の一部だけを完了しました。 (0x12B)
[0515/143327.136:WARNING:pe_image_reader.cc(340)] could not read dos header from C:\Windows\SYSTEM32\IPHLPAPI.DLL
[0515/143327.136:ERROR:process_memory_win.cc(73)] ReadMemory at 0x7fff84cf0000 of 64 bytes failed: ReadProcessMemory 要求または WriteProcessMemory 要求の一部だけを完了しました。 (0x12B)
[0515/143327.136:WARNING:pe_image_reader.cc(340)] could not read dos header from C:\Windows\SYSTEM32\WINMM.dll
[0515/143327.136:ERROR:process_memory_win.cc(73)] ReadMemory at 0x7fff844d0000 of 64 bytes failed: ReadProcessMemory 要求または WriteProcessMemory 要求の一部だけを完了しました。 (0x12B)
[0515/143327.136:WARNING:pe_image_reader.cc(340)] could not read dos header from C:\Windows\SYSTEM32\Secur32.dll
[0515/143327.136:ERROR:process_memory_win.cc(73)] ReadMemory at 0x7fff8d910000 of 64 bytes failed: ReadProcessMemory 要求または WriteProcessMemory 要求の一部だけを完了しました。 (0x12B)
[0515/143327.136:WARNING:pe_image_reader.cc(340)] could not read dos header from C:\Windows\SYSTEM32\USERENV.dll
[0515/143327.136:ERROR:process_memory_win.cc(73)] ReadMemory at 0x7fff8da80000 of 64 bytes failed: ReadProcessMemory 要求または WriteProcessMemory 要求の一部だけを完了しました。 (0x12B)
[0515/143327.136:WARNING:pe_image_reader.cc(340)] could not read dos header from C:\Windows\System32\profapi.dll
[0515/143327.136:ERROR:process_memory_win.cc(73)] ReadMemory at 0x7fff42670000 of 64 bytes failed: ReadProcessMemory 要求または WriteProcessMemory 要求の一部だけを完了しました。 (0x12B)
[0515/143327.136:WARNING:pe_image_reader.cc(340)] could not read dos header from C:\Windows\SYSTEM32\UIAutomationCore.DLL
[0515/143327.136:ERROR:process_memory_win.cc(73)] ReadMemory at 0x7fff53a20000 of 64 bytes failed: ReadProcessMemory 要求または WriteProcessMemory 要求の一部だけを完了しました。 (0x12B)
[0515/143327.136:WARNING:pe_image_reader.cc(340)] could not read dos header from C:\Windows\SYSTEM32\DWrite.dll
[0515/143327.136:ERROR:process_memory_win.cc(73)] ReadMemory at 0x7fff88330000 of 64 bytes failed: ReadProcessMemory 要求または WriteProcessMemory 要求の一部だけを完了しました。 (0x12B)
[0515/143327.136:WARNING:pe_image_reader.cc(340)] could not read dos header from C:\Windows\SYSTEM32\WINSPOOL.DRV
[0515/143327.136:ERROR:process_memory_win.cc(73)] ReadMemory at 0x7fff8da00000 of 64 bytes failed: ReadProcessMemory 要求または WriteProcessMemory 要求の一部だけを完了しました。 (0x12B)
[0515/143327.136:WARNING:pe_image_reader.cc(340)] could not read dos header from C:\Windows\System32\kernel.appcore.dll
[0515/143327.136:ERROR:process_memory_win.cc(73)] ReadMemory at 0x7fff8eb90000 of 64 bytes failed: ReadProcessMemory 要求または WriteProcessMemory 要求の一部だけを完了しました。 (0x12B)
[0515/143327.136:WARNING:pe_image_reader.cc(340)] could not read dos header from C:\Windows\System32\bcrypt.dll
[0515/143327.136:ERROR:process_memory_win.cc(73)] ReadMemory at 0x7fff8c020000 of 64 bytes failed: ReadProcessMemory 要求または WriteProcessMemory 要求の一部だけを完了しました。 (0x12B)
[0515/143327.136:WARNING:pe_image_reader.cc(340)] could not read dos header from C:\Windows\SYSTEM32\dbghelp.dll
[0515/143327.136:ERROR:process_memory_win.cc(73)] ReadMemory at 0x7fff89110000 of 64 bytes failed: ReadProcessMemory 要求または WriteProcessMemory 要求の一部だけを完了しました。 (0x12B)
[0515/143327.136:WARNING:pe_image_reader.cc(340)] could not read dos header from C:\Windows\SYSTEM32\WINHTTP.dll
[0515/143327.136:ERROR:process_memory_win.cc(73)] ReadMemory at 0x7fff88930000 of 64 bytes failed: ReadProcessMemory 要求または WriteProcessMemory 要求の一部だけを完了しました。 (0x12B)
[0515/143327.136:WARNING:pe_image_reader.cc(340)] could not read dos header from C:\Windows\SYSTEM32\dhcpcsvc.DLL
[0515/143327.136:ERROR:process_memory_win.cc(73)] ReadMemory at 0x7fff8ec10000 of 64 bytes failed: ReadProcessMemory 要求または WriteProcessMemory 要求の一部だけを完了しました。 (0x12B)
[0515/143327.136:WARNING:pe_image_reader.cc(340)] could not read dos header from C:\Windows\System32\NSI.dll
[0515/143327.136:ERROR:process_memory_win.cc(73)] ReadMemory at 0x7fff84ca0000 of 64 bytes failed: ReadProcessMemory 要求または WriteProcessMemory 要求の一部だけを完了しました。 (0x12B)
[0515/143327.136:WARNING:pe_image_reader.cc(340)] could not read dos header from C:\Windows\SYSTEM32\WINMMBASE.dll
[0515/143327.136:ERROR:process_memory_win.cc(73)] ReadMemory at 0x7fff8ebc0000 of 64 bytes failed: ReadProcessMemory 要求または WriteProcessMemory 要求の一部だけを完了しました。 (0x12B)
[0515/143327.136:WARNING:pe_image_reader.cc(340)] could not read dos header from C:\Windows\System32\cfgmgr32.dll
[0515/143327.136:ERROR:process_memory_win.cc(73)] ReadMemory at 0x7fff67f60000 of 64 bytes failed: ReadProcessMemory 要求または WriteProcessMemory 要求の一部だけを完了しました。 (0x12B)
[0515/143327.137:WARNING:pe_image_reader.cc(340)] could not read dos header from C:\Windows\SYSTEM32\Bcp47Langs.dll
[0515/143327.137:ERROR:process_memory_win.cc(73)] ReadMemory at 0x7fff8c440000 of 64 bytes failed: ReadProcessMemory 要求または WriteProcessMemory 要求の一部だけを完了しました。 (0x12B)
[0515/143327.137:WARNING:pe_image_reader.cc(340)] could not read dos header from C:\Windows\SYSTEM32\PROPSYS.dll
[0515/143327.137:ERROR:process_memory_win.cc(73)] ReadMemory at 0x7fff90a60000 of 64 bytes failed: ReadProcessMemory 要求または WriteProcessMemory 要求の一部だけを完了しました。 (0x12B)
[0515/143327.137:WARNING:pe_image_reader.cc(340)] could not read dos header from C:\Windows\System32\shcore.dll
[0515/143327.137:ERROR:process_memory_win.cc(73)] ReadMemory at 0x7fff8d8e0000 of 64 bytes failed: ReadProcessMemory 要求または WriteProcessMemory 要求の一部だけを完了しました。 (0x12B)
[0515/143327.137:WARNING:pe_image_reader.cc(340)] could not read dos header from C:\Windows\SYSTEM32\SSPICLI.DLL
[0515/143327.137:ERROR:process_memory_win.cc(73)] ReadMemory at 0x7fff8d330000 of 64 bytes failed: ReadProcessMemory 要求または WriteProcessMemory 要求の一部だけを完了しました。 (0x12B)
[0515/143327.137:WARNING:pe_image_reader.cc(340)] could not read dos header from C:\Windows\SYSTEM32\CRYPTBASE.DLL
[0515/143327.137:ERROR:process_memory_win.cc(73)] ReadMemory at 0x7ff7d4ee0000 of 64 bytes failed: ReadProcessMemory 要求または WriteProcessMemory 要求の一部だけを完了しました。 (0x12B)
[0515/143327.137:WARNING:pe_image_reader.cc(340)] could not read dos header from C:\Program Files (x86)\Google\Chrome\Application\chrome.exe
[0515/143327.137:ERROR:process_memory_win.cc(73)] ReadMemory at 0x7fff919f0000 of 64 bytes failed: ReadProcessMemory 要求または WriteProcessMemory 要求の一部だけを完了しました。 (0x12B)
[0515/143327.137:WARNING:pe_image_reader.cc(340)] could not read dos header from C:\Windows\SYSTEM32\ntdll.dll
[0515/143327.137:ERROR:process_memory_win.cc(73)] ReadMemory at 0x7fff90880000 of 64 bytes failed: ReadProcessMemory 要求または WriteProcessMemory 要求の一部だけを完了しました。 (0x12B)
[0515/143327.137:WARNING:pe_image_reader.cc(340)] could not read dos header from C:\Windows\System32\KERNEL32.DLL
[0515/143327.137:ERROR:process_memory_win.cc(73)] ReadMemory at 0x7fff8e050000 of 64 bytes failed: ReadProcessMemory 要求または WriteProcessMemory 要求の一部だけを完了しました。 (0x12B)
[0515/143327.137:WARNING:pe_image_reader.cc(340)] could not read dos header from C:\Windows\System32\KERNELBASE.dll
[0515/143327.137:ERROR:process_memory_win.cc(73)] ReadMemory at 0x7fff172d0000 of 64 bytes failed: ReadProcessMemory 要求または WriteProcessMemory 要求の一部だけを完了しました。 (0x12B)
[0515/143327.137:WARNING:pe_image_reader.cc(340)] could not read dos header from C:\Program Files (x86)\Google\Chrome\Application\81.0.4044.138\chrome_elf.dll
[0515/143327.137:ERROR:process_memory_win.cc(73)] ReadMemory at 0x7fff89910000 of 64 bytes failed: ReadProcessMemory 要求または WriteProcessMemory 要求の一部だけを完了しました。 (0x12B)
[0515/143327.137:WARNING:pe_image_reader.cc(340)] could not read dos header from C:\Windows\SYSTEM32\VERSION.dll
[0515/143327.137:ERROR:process_memory_win.cc(73)] ReadMemory at 0x7fff912c0000 of 64 bytes failed: ReadProcessMemory 要求または WriteProcessMemory 要求の一部だけを完了しました。 (0x12B)
[0515/143327.137:WARNING:pe_image_reader.cc(340)] could not read dos header from C:\Windows\System32\msvcrt.dll
[0515/143327.137:ERROR:process_memory_win.cc(73)] ReadMemory at 0x7fff8ddf0000 of 64 bytes failed: ReadProcessMemory 要求または WriteProcessMemory 要求の一部だけを完了しました。 (0x12B)
[0515/143327.137:WARNING:pe_image_reader.cc(340)] could not read dos header from C:\Windows\System32\bcryptPrimitives.dll
[0515/143327.137:ERROR:process_memory_win.cc(73)] ReadMemory at 0x7fff90b10000 of 64 bytes failed: ReadProcessMemory 要求または WriteProcessMemory 要求の一部だけを完了しました。 (0x12B)
[0515/143327.137:WARNING:pe_image_reader.cc(340)] could not read dos header from C:\Windows\System32\ADVAPI32.dll
[0515/143327.137:ERROR:process_memory_win.cc(73)] ReadMemory at 0x7fff8f270000 of 64 bytes failed: ReadProcessMemory 要求または WriteProcessMemory 要求の一部だけを完了しました。 (0x12B)
[0515/143327.137:WARNING:pe_image_reader.cc(340)] could not read dos header from C:\Windows\System32\sechost.dll
[0515/143327.137:ERROR:process_memory_win.cc(73)] ReadMemory at 0x7fff91710000 of 64 bytes failed: ReadProcessMemory 要求または WriteProcessMemory 要求の一部だけを完了しました。 (0x12B)
[0515/143327.138:WARNING:pe_image_reader.cc(340)] could not read dos header from C:\Windows\System32\RPCRT4.dll
[0515/143327.138:ERROR:process_memory_win.cc(73)] ReadMemory at 0x7ffef2d70000 of 64 bytes failed: ReadProcessMemory 要求または WriteProcessMemory 要求の一部だけを完了しました。 (0x12B)
[0515/143327.138:WARNING:pe_image_reader.cc(340)] could not read dos header from C:\Program Files (x86)\Google\Chrome\Application\81.0.4044.138\chrome.dll
[0515/143327.138:ERROR:process_memory_win.cc(73)] ReadMemory at 0x7fff90810000 of 64 bytes failed: ReadProcessMemory 要求または WriteProcessMemory 要求の一部だけを完了しました。 (0x12B)
[0515/143327.138:WARNING:pe_image_reader.cc(340)] could not read dos header from C:\Windows\System32\WS2_32.dll
[0515/143327.138:ERROR:process_memory_win.cc(73)] ReadMemory at 0x7fff8f1a0000 of 64 bytes failed: ReadProcessMemory 要求または WriteProcessMemory 要求の一部だけを完了しました。 (0x12B)
[0515/143327.138:WARNING:pe_image_reader.cc(340)] could not read dos header from C:\Windows\System32\OLEAUT32.dll
[0515/143327.138:ERROR:process_memory_win.cc(73)] ReadMemory at 0x7fff8e3a0000 of 64 bytes failed: ReadProcessMemory 要求または WriteProcessMemory 要求の一部だけを完了しました。 (0x12B)
[0515/143327.138:WARNING:pe_image_reader.cc(340)] could not read dos header from C:\Windows\System32\msvcp_win.dll
[0515/143327.138:ERROR:process_memory_win.cc(73)] ReadMemory at 0x7fff8dab0000 of 64 bytes failed: ReadProcessMemory 要求または WriteProcessMemory 要求の一部だけを完了しました。 (0x12B)
[0515/143327.138:WARNING:pe_image_reader.cc(340)] could not read dos header from C:\Windows\System32\ucrtbase.dll
[0515/143327.138:ERROR:process_memory_win.cc(73)] ReadMemory at 0x7fff91360000 of 64 bytes failed: ReadProcessMemory 要求または WriteProcessMemory 要求の一部だけを完了しました。 (0x12B)
[0515/143327.138:WARNING:pe_image_reader.cc(340)] could not read dos header from C:\Windows\System32\combase.dll
[0515/143327.138:ERROR:process_memory_win.cc(73)] ReadMemory at 0x7fff8dd90000 of 64 bytes failed: ReadProcessMemory 要求または WriteProcessMemory 要求の一部だけを完了しました。 (0x12B)
[0515/143327.138:WARNING:pe_image_reader.cc(340)] could not read dos header from C:\Windows\System32\WINTRUST.dll
[0515/143327.138:ERROR:process_memory_win.cc(73)] ReadMemory at 0x7fff8d9e0000 of 64 bytes failed: ReadProcessMemory 要求または WriteProcessMemory 要求の一部だけを完了しました。 (0x12B)
[0515/143327.138:WARNING:pe_image_reader.cc(340)] could not read dos header from C:\Windows\System32\MSASN1.dll
[0515/143327.138:ERROR:process_memory_win.cc(73)] ReadMemory at 0x7fff8dbb0000 of 64 bytes failed: ReadProcessMemory 要求または WriteProcessMemory 要求の一部だけを完了しました。 (0x12B)
[0515/143327.138:WARNING:pe_image_reader.cc(340)] could not read dos header from C:\Windows\System32\CRYPT32.dll
[0515/143327.138:ERROR:process_memory_win.cc(73)] ReadMemory at 0x7fff8ced0000 of 64 bytes failed: ReadProcessMemory 要求または WriteProcessMemory 要求の一部だけを完了しました。 (0x12B)
[0515/143327.138:WARNING:pe_image_reader.cc(340)] could not read dos header from C:\Windows\SYSTEM32\IPHLPAPI.DLL
[0515/143327.138:ERROR:process_memory_win.cc(73)] ReadMemory at 0x7fff84cf0000 of 64 bytes failed: ReadProcessMemory 要求または WriteProcessMemory 要求の一部だけを完了しました。 (0x12B)
[0515/143327.138:WARNING:pe_image_reader.cc(340)] could not read dos header from C:\Windows\SYSTEM32\WINMM.dll
[0515/143327.138:ERROR:process_memory_win.cc(73)] ReadMemory at 0x7fff844d0000 of 64 bytes failed: ReadProcessMemory 要求または WriteProcessMemory 要求の一部だけを完了しました。 (0x12B)
[0515/143327.138:WARNING:pe_image_reader.cc(340)] could not read dos header from C:\Windows\SYSTEM32\Secur32.dll
[0515/143327.138:ERROR:process_memory_win.cc(73)] ReadMemory at 0x7fff8d910000 of 64 bytes failed: ReadProcessMemory 要求または WriteProcessMemory 要求の一部だけを完了しました。 (0x12B)
[0515/143327.138:WARNING:pe_image_reader.cc(340)] could not read dos header from C:\Windows\SYSTEM32\USERENV.dll
[0515/143327.138:ERROR:process_memory_win.cc(73)] ReadMemory at 0x7fff8da80000 of 64 bytes failed: ReadProcessMemory 要求または WriteProcessMemory 要求の一部だけを完了しました。 (0x12B)
[0515/143327.138:WARNING:pe_image_reader.cc(340)] could not read dos header from C:\Windows\System32\profapi.dll
[0515/143327.138:ERROR:process_memory_win.cc(73)] ReadMemory at 0x7fff42670000 of 64 bytes failed: ReadProcessMemory 要求または WriteProcessMemory 要求の一部だけを完了しました。 (0x12B)
[0515/143327.138:WARNING:pe_image_reader.cc(340)] could not read dos header from C:\Windows\SYSTEM32\UIAutomationCore.DLL
[0515/143327.138:ERROR:process_memory_win.cc(73)] ReadMemory at 0x7fff53a20000 of 64 bytes failed: ReadProcessMemory 要求または WriteProcessMemory 要求の一部だけを完了しました。 (0x12B)
[0515/143327.138:WARNING:pe_image_reader.cc(340)] could not read dos header from C:\Windows\SYSTEM32\DWrite.dll
[0515/143327.138:ERROR:process_memory_win.cc(73)] ReadMemory at 0x7fff88330000 of 64 bytes failed: ReadProcessMemory 要求または WriteProcessMemory 要求の一部だけを完了しました。 (0x12B)
[0515/143327.139:WARNING:pe_image_reader.cc(340)] could not read dos header from C:\Windows\SYSTEM32\WINSPOOL.DRV
[0515/143327.139:ERROR:process_memory_win.cc(73)] ReadMemory at 0x7fff8da00000 of 64 bytes failed: ReadProcessMemory 要求または WriteProcessMemory 要求の一部だけを完了しました。 (0x12B)
[0515/143327.139:WARNING:pe_image_reader.cc(340)] could not read dos header from C:\Windows\System32\kernel.appcore.dll
[0515/143327.139:ERROR:process_memory_win.cc(73)] ReadMemory at 0x7fff8eb90000 of 64 bytes failed: ReadProcessMemory 要求または WriteProcessMemory 要求の一部だけを完了しました。 (0x12B)
[0515/143327.139:WARNING:pe_image_reader.cc(340)] could not read dos header from C:\Windows\System32\bcrypt.dll
[0515/143327.139:ERROR:process_memory_win.cc(73)] ReadMemory at 0x7fff8c020000 of 64 bytes failed: ReadProcessMemory 要求または WriteProcessMemory 要求の一部だけを完了しました。 (0x12B)
[0515/143327.139:WARNING:pe_image_reader.cc(340)] could not read dos header from C:\Windows\SYSTEM32\dbghelp.dll
[0515/143327.139:ERROR:process_memory_win.cc(73)] ReadMemory at 0x7fff89110000 of 64 bytes failed: ReadProcessMemory 要求または WriteProcessMemory 要求の一部だけを完了しました。 (0x12B)
[0515/143327.139:WARNING:pe_image_reader.cc(340)] could not read dos header from C:\Windows\SYSTEM32\WINHTTP.dll
[0515/143327.139:ERROR:process_memory_win.cc(73)] ReadMemory at 0x7fff88930000 of 64 bytes failed: ReadProcessMemory 要求または WriteProcessMemory 要求の一部だけを完了しました。 (0x12B)
[0515/143327.139:WARNING:pe_image_reader.cc(340)] could not read dos header from C:\Windows\SYSTEM32\dhcpcsvc.DLL
[0515/143327.139:ERROR:process_memory_win.cc(73)] ReadMemory at 0x7fff8ec10000 of 64 bytes failed: ReadProcessMemory 要求または WriteProcessMemory 要求の一部だけを完了しました。 (0x12B)
[0515/143327.139:WARNING:pe_image_reader.cc(340)] could not read dos header from C:\Windows\System32\NSI.dll
[0515/143327.139:ERROR:process_memory_win.cc(73)] ReadMemory at 0x7fff84ca0000 of 64 bytes failed: ReadProcessMemory 要求または WriteProcessMemory 要求の一部だけを完了しました。 (0x12B)
[0515/143327.139:WARNING:pe_image_reader.cc(340)] could not read dos header from C:\Windows\SYSTEM32\WINMMBASE.dll
[0515/143327.139:ERROR:process_memory_win.cc(73)] ReadMemory at 0x7fff8ebc0000 of 64 bytes failed: ReadProcessMemory 要求または WriteProcessMemory 要求の一部だけを完了しました。 (0x12B)
[0515/143327.139:WARNING:pe_image_reader.cc(340)] could not read dos header from C:\Windows\System32\cfgmgr32.dll
[0515/143327.139:ERROR:process_memory_win.cc(73)] ReadMemory at 0x7fff67f60000 of 64 bytes failed: ReadProcessMemory 要求または WriteProcessMemory 要求の一部だけを完了しました。 (0x12B)
[0515/143327.139:WARNING:pe_image_reader.cc(340)] could not read dos header from C:\Windows\SYSTEM32\Bcp47Langs.dll
[0515/143327.139:ERROR:process_memory_win.cc(73)] ReadMemory at 0x7fff8c440000 of 64 bytes failed: ReadProcessMemory 要求または WriteProcessMemory 要求の一部だけを完了しました。 (0x12B)
[0515/143327.139:WARNING:pe_image_reader.cc(340)] could not read dos header from C:\Windows\SYSTEM32\PROPSYS.dll
[0515/143327.139:ERROR:process_memory_win.cc(73)] ReadMemory at 0x7fff90a60000 of 64 bytes failed: ReadProcessMemory 要求または WriteProcessMemory 要求の一部だけを完了しました。 (0x12B)
[0515/143327.139:WARNING:pe_image_reader.cc(340)] could not read dos header from C:\Windows\System32\shcore.dll
[0515/143327.139:ERROR:process_memory_win.cc(73)] ReadMemory at 0x7fff8d8e0000 of 64 bytes failed: ReadProcessMemory 要求または WriteProcessMemory 要求の一部だけを完了しました。 (0x12B)
[0515/143327.139:WARNING:pe_image_reader.cc(340)] could not read dos header from C:\Windows\SYSTEM32\SSPICLI.DLL
[0515/143327.139:ERROR:process_memory_win.cc(73)] ReadMemory at 0x7fff8d330000 of 64 bytes failed: ReadProcessMemory 要求または WriteProcessMemory 要求の一部だけを完了しました。 (0x12B)
[0515/143327.139:WARNING:pe_image_reader.cc(340)] could not read dos header from C:\Windows\SYSTEM32\CRYPTBASE.DLL
[0515/143327.145:ERROR:process_memory_win.cc(73)] ReadMemory at 0xecbadf9000 of 28672 bytes failed: ReadProcessMemory 要求または WriteProcessMemory 要求の一部だけを完了しました。 (0x12B)
[0515/143327.145:ERROR:process_memory_win.cc(73)] ReadMemory at 0xecbb5fd000 of 12288 bytes failed: ReadProcessMemory 要求または WriteProcessMemory 要求の一部だけを完了しました。 (0x12B)
[0515/143327.145:ERROR:process_memory_win.cc(73)] ReadMemory at 0xecbbdfd000 of 12288 bytes failed: ReadProcessMemory 要求または WriteProcessMemory 要求の一部だけを完了しました。 (0x12B)
[0515/143327.145:ERROR:process_memory_win.cc(73)] ReadMemory at 0xecbc5fd000 of 12288 bytes failed: ReadProcessMemory 要求または WriteProcessMemory 要求の一部だけを完了しました。 (0x12B)
[0515/143327.145:ERROR:process_memory_win.cc(73)] ReadMemory at 0xecbcdfc000 of 16384 bytes failed: ReadProcessMemory 要求または WriteProcessMemory 要求の一部だけを完了しました。 (0x12B)
[0515/143327.145:ERROR:process_memory_win.cc(73)] ReadMemory at 0xecba43d000 of 852 bytes failed: ReadProcessMemory 要求または WriteProcessMemory 要求の一部だけを完了しました。 (0x12B)
[0515/143327.145:ERROR:process_memory_win.cc(73)] ReadMemory at 0xecba43e000 of 6024 bytes failed: ReadProcessMemory 要求または WriteProcessMemory 要求の一部だけを完了しました。 (0x12B)
[0515/143327.145:ERROR:process_memory_win.cc(73)] ReadMemory at 0xecba440000 of 6024 bytes failed: ReadProcessMemory 要求または WriteProcessMemory 要求の一部だけを完了しました。 (0x12B)
[0515/143327.145:ERROR:process_memory_win.cc(73)] ReadMemory at 0xecba442000 of 6024 bytes failed: ReadProcessMemory 要求または WriteProcessMemory 要求の一部だけを完了しました。 (0x12B)
[0515/143327.146:ERROR:process_memory_win.cc(73)] ReadMemory at 0xecba444000 of 6024 bytes failed: ReadProcessMemory 要求または WriteProcessMemory 要求の一部だけを完了しました。 (0x12B)
[0515/143327.146:ERROR:process_memory_win.cc(73)] ReadMemory at 0xecba446000 of 6024 bytes failed: ReadProcessMemory 要求または WriteProcessMemory 要求の一部だけを完了しました。 (0x12B)
[0515/143327.146:ERROR:process_memory_win.cc(73)] ReadMemory at 0x28f45420fe0 of 10300 bytes failed: ReadProcessMemory 要求または WriteProcessMemory 要求の一部だけを完了しました。 (0x12B)
[0515/143327.146:ERROR:process_memory_win.cc(73)] ReadMemory at 0x28f45423830 of 1012 bytes failed: ReadProcessMemory 要求または WriteProcessMemory 要求の一部だけを完了しました。 (0x12B)
[0515/143327.146:ERROR:process_memory_win.cc(73)] ReadMemory at 0x28f45423e58 of 118 bytes failed: ReadProcessMemory 要求または WriteProcessMemory 要求の一部だけを完了しました。 (0x12B)
[0515/143327.146:ERROR:process_memory_win.cc(73)] ReadMemory at 0x28f45423ed0 of 758 bytes failed: ReadProcessMemory 要求または WriteProcessMemory 要求の一部だけを完了しました。 (0x12B)
[0515/143327.146:ERROR:process_memory_win.cc(73)] ReadMemory at 0x28f454241c8 of 118 bytes failed: ReadProcessMemory 要求または WriteProcessMemory 要求の一部だけを完了しました。 (0x12B)
[0515/143327.146:ERROR:process_memory_win.cc(73)] ReadMemory at 0x28f45424240 of 100 bytes failed: ReadProcessMemory 要求または WriteProcessMemory 要求の一部だけを完了しました。 (0x12B)
[0515/143327.146:ERROR:process_memory_win.cc(73)] ReadMemory at 0x28f454242b0 of 58 bytes failed: ReadProcessMemory 要求または WriteProcessMemory 要求の一部だけを完了しました。 (0x12B)
[0515/143327.146:ERROR:process_memory_win.cc(73)] ReadMemory at 0x28f454243b0 of 132 bytes failed: ReadProcessMemory 要求または WriteProcessMemory 要求の一部だけを完了しました。 (0x12B)
[0515/143327.146:ERROR:process_memory_win.cc(73)] ReadMemory at 0x28f45424540 of 132 bytes failed: ReadProcessMemory 要求または WriteProcessMemory 要求の一部だけを完了しました。 (0x12B)
[0515/143327.146:ERROR:process_memory_win.cc(73)] ReadMemory at 0x28f45424700 of 126 bytes failed: ReadProcessMemory 要求または WriteProcessMemory 要求の一部だけを完了しました。 (0x12B)
[0515/143327.146:ERROR:process_memory_win.cc(73)] ReadMemory at 0x28f45424ae0 of 132 bytes failed: ReadProcessMemory 要求または WriteProcessMemory 要求の一部だけを完了しました。 (0x12B)
[0515/143327.146:ERROR:process_memory_win.cc(73)] ReadMemory at 0x28f45424c70 of 64 bytes failed: ReadProcessMemory 要求または WriteProcessMemory 要求の一部だけを完了しました。 (0x12B)
[0515/143327.146:ERROR:process_memory_win.cc(73)] ReadMemory at 0x28f45424cc0 of 132 bytes failed: ReadProcessMemory 要求または WriteProcessMemory 要求の一部だけを完了しました。 (0x12B)
[0515/143327.146:ERROR:process_memory_win.cc(73)] ReadMemory at 0x28f45424e30 of 132 bytes failed: ReadProcessMemory 要求または WriteProcessMemory 要求の一部だけを完了しました。 (0x12B)
[0515/143327.146:ERROR:process_memory_win.cc(73)] ReadMemory at 0x28f454250d0 of 132 bytes failed: ReadProcessMemory 要求または WriteProcessMemory 要求の一部だけを完了しました。 (0x12B)
[0515/143327.146:ERROR:process_memory_win.cc(73)] ReadMemory at 0x28f45425260 of 68 bytes failed: ReadProcessMemory 要求または WriteProcessMemory 要求の一部だけを完了しました。 (0x12B)
[0515/143327.147:ERROR:process_memory_win.cc(73)] ReadMemory at 0x28f454261c0 of 132 bytes failed: ReadProcessMemory 要求または WriteProcessMemory 要求の一部だけを完了しました。 (0x12B)
[0515/143327.147:ERROR:process_memory_win.cc(73)] ReadMemory at 0x28f45426350 of 154 bytes failed: ReadProcessMemory 要求または WriteProcessMemory 要求の一部だけを完了しました。 (0x12B)
[0515/143327.147:ERROR:process_memory_win.cc(73)] ReadMemory at 0x28f45427b8c of 512 bytes failed: ReadProcessMemory 要求または WriteProcessMemory 要求の一部だけを完了しました。 (0x12B)
[0515/143327.147:ERROR:process_memory_win.cc(73)] ReadMemory at 0x28f454281e0 of 132 bytes failed: ReadProcessMemory 要求または WriteProcessMemory 要求の一部だけを完了しました。 (0x12B)
[0515/143327.147:ERROR:process_memory_win.cc(73)] ReadMemory at 0x28f45429a20 of 62 bytes failed: ReadProcessMemory 要求または WriteProcessMemory 要求の一部だけを完了しました。 (0x12B)
[0515/143327.147:ERROR:process_memory_win.cc(73)] ReadMemory at 0x28f45429aa0 of 146 bytes failed: ReadProcessMemory 要求または WriteProcessMemory 要求の一部だけを完了しました。 (0x12B)
[0515/143327.147:ERROR:process_memory_win.cc(73)] ReadMemory at 0x28f45429b80 of 132 bytes failed: ReadProcessMemory 要求または WriteProcessMemory 要求の一部だけを完了しました。 (0x12B)
[0515/143327.147:ERROR:process_memory_win.cc(73)] ReadMemory at 0x28f45429d10 of 60 bytes failed: ReadProcessMemory 要求または WriteProcessMemory 要求の一部だけを完了しました。 (0x12B)
[0515/143327.147:ERROR:process_memory_win.cc(73)] ReadMemory at 0x28f4542caf0 of 132 bytes failed: ReadProcessMemory 要求または WriteProcessMemory 要求の一部だけを完了しました。 (0x12B)
[0515/143327.147:ERROR:process_memory_win.cc(73)] ReadMemory at 0x28f4542cea0 of 64 bytes failed: ReadProcessMemory 要求または WriteProcessMemory 要求の一部だけを完了しました。 (0x12B)
[0515/143327.147:ERROR:process_memory_win.cc(73)] ReadMemory at 0x28f4542cef0 of 66 bytes failed: ReadProcessMemory 要求または WriteProcessMemory 要求の一部だけを完了しました。 (0x12B)
[0515/143327.147:ERROR:process_memory_win.cc(73)] ReadMemory at 0x28f4542cf40 of 62 bytes failed: ReadProcessMemory 要求または WriteProcessMemory 要求の一部だけを完了しました。 (0x12B)
[0515/143327.147:ERROR:process_memory_win.cc(73)] ReadMemory at 0x28f4542cf90 of 62 bytes failed: ReadProcessMemory 要求または WriteProcessMemory 要求の一部だけを完了しました。 (0x12B)
[0515/143327.147:ERROR:process_memory_win.cc(73)] ReadMemory at 0x28f4542d1c0 of 64 bytes failed: ReadProcessMemory 要求または WriteProcessMemory 要求の一部だけを完了しました。 (0x12B)
[0515/143327.147:ERROR:process_memory_win.cc(73)] ReadMemory at 0x28f4542d260 of 64 bytes failed: ReadProcessMemory 要求または WriteProcessMemory 要求の一部だけを完了しました。 (0x12B)
[0515/143327.147:ERROR:process_memory_win.cc(73)] ReadMemory at 0x28f4542d2b0 of 64 bytes failed: ReadProcessMemory 要求または WriteProcessMemory 要求の一部だけを完了しました。 (0x12B)
[0515/143327.147:ERROR:process_memory_win.cc(73)] ReadMemory at 0x28f4542d300 of 60 bytes failed: ReadProcessMemory 要求または WriteProcessMemory 要求の一部だけを完了しました。 (0x12B)
[0515/143327.147:ERROR:process_memory_win.cc(73)] ReadMemory at 0x28f4542d530 of 60 bytes failed: ReadProcessMemory 要求または WriteProcessMemory 要求の一部だけを完了しました。 (0x12B)
[0515/143327.147:ERROR:process_memory_win.cc(73)] ReadMemory at 0x28f4542dab0 of 132 bytes failed: ReadProcessMemory 要求または WriteProcessMemory 要求の一部だけを完了しました。 (0x12B)
[0515/143327.148:ERROR:process_memory_win.cc(73)] ReadMemory at 0x28f4542de10 of 132 bytes failed: ReadProcessMemory 要求または WriteProcessMemory 要求の一部だけを完了しました。 (0x12B)
[0515/143327.148:ERROR:process_memory_win.cc(73)] ReadMemory at 0x28f4542e000 of 132 bytes failed: ReadProcessMemory 要求または WriteProcessMemory 要求の一部だけを完了しました。 (0x12B)
[0515/143327.148:ERROR:process_memory_win.cc(73)] ReadMemory at 0x28f4542e190 of 80 bytes failed: ReadProcessMemory 要求または WriteProcessMemory 要求の一部だけを完了しました。 (0x12B)
[0515/143327.148:ERROR:process_memory_win.cc(73)] ReadMemory at 0x28f4542e670 of 62 bytes failed: ReadProcessMemory 要求または WriteProcessMemory 要求の一部だけを完了しました。 (0x12B)
[0515/143327.148:ERROR:process_memory_win.cc(73)] ReadMemory at 0x28f4542e6c0 of 62 bytes failed: ReadProcessMemory 要求または WriteProcessMemory 要求の一部だけを完了しました。 (0x12B)
[0515/143327.148:ERROR:process_memory_win.cc(73)] ReadMemory at 0x28f4542e760 of 62 bytes failed: ReadProcessMemory 要求または WriteProcessMemory 要求の一部だけを完了しました。 (0x12B)
[0515/143327.148:ERROR:process_memory_win.cc(73)] ReadMemory at 0x28f4542e990 of 66 bytes failed: ReadProcessMemory 要求または WriteProcessMemory 要求の一部だけを完了しました。 (0x12B)
[0515/143327.148:ERROR:process_memory_win.cc(73)] ReadMemory at 0x28f4542ead0 of 64 bytes failed: ReadProcessMemory 要求または WriteProcessMemory 要求の一部だけを完了しました。 (0x12B)
[0515/143327.148:ERROR:process_memory_win.cc(73)] ReadMemory at 0x28f4542eb20 of 58 bytes failed: ReadProcessMemory 要求または WriteProcessMemory 要求の一部だけを完了しました。 (0x12B)
[0515/143327.148:ERROR:process_memory_win.cc(73)] ReadMemory at 0x28f4542ebc0 of 62 bytes failed: ReadProcessMemory 要求または WriteProcessMemory 要求の一部だけを完了しました。 (0x12B)
[0515/143327.148:ERROR:process_memory_win.cc(73)] ReadMemory at 0x28f4542ec60 of 68 bytes failed: ReadProcessMemory 要求または WriteProcessMemory 要求の一部だけを完了しました。 (0x12B)
[0515/143327.148:ERROR:process_memory_win.cc(73)] ReadMemory at 0x28f4542eda0 of 60 bytes failed: ReadProcessMemory 要求または WriteProcessMemory 要求の一部だけを完了しました。 (0x12B)
[0515/143327.148:ERROR:process_memory_win.cc(73)] ReadMemory at 0x28f4542eee0 of 64 bytes failed: ReadProcessMemory 要求または WriteProcessMemory 要求の一部だけを完了しました。 (0x12B)
[0515/143327.148:ERROR:process_memory_win.cc(73)] ReadMemory at 0x28f4542ef80 of 60 bytes failed: ReadProcessMemory 要求または WriteProcessMemory 要求の一部だけを完了しました。 (0x12B)
[0515/143327.148:ERROR:process_memory_win.cc(73)] ReadMemory at 0x28f4542efd0 of 64 bytes failed: ReadProcessMemory 要求または WriteProcessMemory 要求の一部だけを完了しました。 (0x12B)
[0515/143327.148:ERROR:process_memory_win.cc(73)] ReadMemory at 0x28f4542f110 of 62 bytes failed: ReadProcessMemory 要求または WriteProcessMemory 要求の一部だけを完了しました。 (0x12B)
[0515/143327.148:ERROR:process_memory_win.cc(73)] ReadMemory at 0x28f4542f200 of 60 bytes failed: ReadProcessMemory 要求または WriteProcessMemory 要求の一部だけを完了しました。 (0x12B)
[0515/143327.148:ERROR:process_memory_win.cc(73)] ReadMemory at 0x28f4542f250 of 62 bytes failed: ReadProcessMemory 要求または WriteProcessMemory 要求の一部だけを完了しました。 (0x12B)
[0515/143327.148:ERROR:process_memory_win.cc(73)] ReadMemory at 0x28f4542f390 of 60 bytes failed: ReadProcessMemory 要求または WriteProcessMemory 要求の一部だけを完了しました。 (0x12B)
[0515/143327.149:ERROR:process_memory_win.cc(73)] ReadMemory at 0x28f4542f3e0 of 64 bytes failed: ReadProcessMemory 要求または WriteProcessMemory 要求の一部だけを完了しました。 (0x12B)
[0515/143327.149:ERROR:process_memory_win.cc(73)] ReadMemory at 0x28f4542f4d0 of 62 bytes failed: ReadProcessMemory 要求または WriteProcessMemory 要求の一部だけを完了しました。 (0x12B)
[0515/143327.149:ERROR:process_memory_win.cc(73)] ReadMemory at 0x28f4542f520 of 62 bytes failed: ReadProcessMemory 要求または WriteProcessMemory 要求の一部だけを完了しました。 (0x12B)
[0515/143327.149:ERROR:process_memory_win.cc(73)] ReadMemory at 0x28f45430f20 of 132 bytes failed: ReadProcessMemory 要求または WriteProcessMemory 要求の一部だけを完了しました。 (0x12B)
[0515/143327.149:ERROR:process_memory_win.cc(73)] ReadMemory at 0x28f45431de0 of 54 bytes failed: ReadProcessMemory 要求または WriteProcessMemory 要求の一部だけを完了しました。 (0x12B)
[0515/143327.149:ERROR:process_memory_win.cc(73)] ReadMemory at 0x28f454333c0 of 132 bytes failed: ReadProcessMemory 要求または WriteProcessMemory 要求の一部だけを完了しました。 (0x12B)
[0515/143327.149:ERROR:process_memory_win.cc(73)] ReadMemory at 0x28f454334f0 of 132 bytes failed: ReadProcessMemory 要求または WriteProcessMemory 要求の一部だけを完了しました。 (0x12B)
[0515/143327.149:ERROR:process_memory_win.cc(73)] ReadMemory at 0x28f45433e90 of 132 bytes failed: ReadProcessMemory 要求または WriteProcessMemory 要求の一部だけを完了しました。 (0x12B)
[0515/143327.149:ERROR:process_memory_win.cc(73)] ReadMemory at 0x28f45437f60 of 132 bytes failed: ReadProcessMemory 要求または WriteProcessMemory 要求の一部だけを完了しました。 (0x12B)
[0515/143327.149:ERROR:process_memory_win.cc(73)] ReadMemory at 0x28f45438090 of 132 bytes failed: ReadProcessMemory 要求または WriteProcessMemory 要求の一部だけを完了しました。 (0x12B)
[0515/143327.149:ERROR:process_memory_win.cc(73)] ReadMemory at 0x28f454381c0 of 132 bytes failed: ReadProcessMemory 要求または WriteProcessMemory 要求の一部だけを完了しました。 (0x12B)
[0515/143327.149:ERROR:process_memory_win.cc(73)] ReadMemory at 0x28f454382f0 of 132 bytes failed: ReadProcessMemory 要求または WriteProcessMemory 要求の一部だけを完了しました。 (0x12B)
[0515/143327.149:ERROR:process_memory_win.cc(73)] ReadMemory at 0x28f45438420 of 132 bytes failed: ReadProcessMemory 要求または WriteProcessMemory 要求の一部だけを完了しました。 (0x12B)
[0515/143327.149:ERROR:process_memory_win.cc(73)] ReadMemory at 0x28f45438550 of 132 bytes failed: ReadProcessMemory 要求または WriteProcessMemory 要求の一部だけを完了しました。 (0x12B)
[0515/143327.149:ERROR:process_memory_win.cc(73)] ReadMemory at 0x28f454387b0 of 132 bytes failed: ReadProcessMemory 要求または WriteProcessMemory 要求の一部だけを完了しました。 (0x12B)
[0515/143327.149:ERROR:process_memory_win.cc(73)] ReadMemory at 0x28f454388e0 of 132 bytes failed: ReadProcessMemory 要求または WriteProcessMemory 要求の一部だけを完了しました。 (0x12B)
[0515/143327.149:ERROR:process_memory_win.cc(73)] ReadMemory at 0x28f45438a10 of 132 bytes failed: ReadProcessMemory 要求または WriteProcessMemory 要求の一部だけを完了しました。 (0x12B)
[0515/143327.149:ERROR:process_memory_win.cc(73)] ReadMemory at 0x28f45438b40 of 132 bytes failed: ReadProcessMemory 要求または WriteProcessMemory 要求の一部だけを完了しました。 (0x12B)
[0515/143327.149:ERROR:process_memory_win.cc(73)] ReadMemory at 0x28f45438c70 of 132 bytes failed: ReadProcessMemory 要求または WriteProcessMemory 要求の一部だけを完了しました。 (0x12B)
[0515/143327.149:ERROR:process_memory_win.cc(73)] ReadMemory at 0x28f45438da0 of 132 bytes failed: ReadProcessMemory 要求または WriteProcessMemory 要求の一部だけを完了しました。 (0x12B)
[0515/143327.150:ERROR:process_memory_win.cc(73)] ReadMemory at 0x28f45439cf0 of 80 bytes failed: ReadProcessMemory 要求または WriteProcessMemory 要求の一部だけを完了しました。 (0x12B)
[0515/143327.150:ERROR:process_memory_win.cc(73)] ReadMemory at 0x28f45439d50 of 76 bytes failed: ReadProcessMemory 要求または WriteProcessMemory 要求の一部だけを完了しました。 (0x12B)
[0515/143327.150:ERROR:process_memory_win.cc(73)] ReadMemory at 0x28f4543a440 of 132 bytes failed: ReadProcessMemory 要求または WriteProcessMemory 要求の一部だけを完了しました。 (0x12B)
[0515/143327.150:ERROR:process_memory_win.cc(73)] ReadMemory at 0x28f4543ab60 of 132 bytes failed: ReadProcessMemory 要求または WriteProcessMemory 要求の一部だけを完了しました。 (0x12B)
[0515/143327.150:ERROR:process_memory_win.cc(73)] ReadMemory at 0x28f4543ac90 of 132 bytes failed: ReadProcessMemory 要求または WriteProcessMemory 要求の一部だけを完了しました。 (0x12B)
[0515/143327.150:ERROR:process_memory_win.cc(73)] ReadMemory at 0x28f4543adc0 of 132 bytes failed: ReadProcessMemory 要求または WriteProcessMemory 要求の一部だけを完了しました。 (0x12B)
[0515/143327.150:ERROR:process_memory_win.cc(73)] ReadMemory at 0x28f4543aef0 of 132 bytes failed: ReadProcessMemory 要求または WriteProcessMemory 要求の一部だけを完了しました。 (0x12B)
[0515/143327.150:ERROR:process_memory_win.cc(73)] ReadMemory at 0x28f4543b150 of 132 bytes failed: ReadProcessMemory 要求または WriteProcessMemory 要求の一部だけを完了しました。 (0x12B)
[0515/143327.150:ERROR:process_memory_win.cc(73)] ReadMemory at 0x28f4543b280 of 132 bytes failed: ReadProcessMemory 要求または WriteProcessMemory 要求の一部だけを完了しました。 (0x12B)
[0515/143327.150:ERROR:process_memory_win.cc(73)] ReadMemory at 0x28f4543b3b0 of 132 bytes failed: ReadProcessMemory 要求または WriteProcessMemory 要求の一部だけを完了しました。 (0x12B)
[0515/143327.150:ERROR:process_memory_win.cc(73)] ReadMemory at 0x28f4543b610 of 132 bytes failed: ReadProcessMemory 要求または WriteProcessMemory 要求の一部だけを完了しました。 (0x12B)
[0515/143327.150:ERROR:process_memory_win.cc(73)] ReadMemory at 0x28f4543bc00 of 132 bytes failed: ReadProcessMemory 要求または WriteProcessMemory 要求の一部だけを完了しました。 (0x12B)
[0515/143327.150:ERROR:process_memory_win.cc(73)] ReadMemory at 0x28f4543bd30 of 132 bytes failed: ReadProcessMemory 要求または WriteProcessMemory 要求の一部だけを完了しました。 (0x12B)
[0515/143327.150:ERROR:process_memory_win.cc(73)] ReadMemory at 0x28f45ab1c10 of 512 bytes failed: ReadProcessMemory 要求または WriteProcessMemory 要求の一部だけを完了しました。 (0x12B)
[0515/143327.150:ERROR:process_memory_win.cc(73)] ReadMemory at 0x28f45ab2270 of 512 bytes failed: ReadProcessMemory 要求または WriteProcessMemory 要求の一部だけを完了しました。 (0x12B)
[0515/143327.150:ERROR:process_memory_win.cc(73)] ReadMemory at 0x28f45ab3bf0 of 512 bytes failed: ReadProcessMemory 要求または WriteProcessMemory 要求の一部だけを完了しました。 (0x12B)
[0515/143327.150:ERROR:process_memory_win.cc(73)] ReadMemory at 0x28f471efd70 of 512 bytes failed: ReadProcessMemory 要求または WriteProcessMemory 要求の一部だけを完了しました。 (0x12B)
[0515/143327.150:ERROR:process_memory_win.cc(73)] ReadMemory at 0x28f47227780 of 512 bytes failed: ReadProcessMemory 要求または WriteProcessMemory 要求の一部だけを完了しました。 (0x12B)
[0515/143327.150:ERROR:process_memory_win.cc(73)] ReadMemory at 0x28f47234de0 of 512 bytes failed: ReadProcessMemory 要求または WriteProcessMemory 要求の一部だけを完了しました。 (0x12B)
[0515/143327.151:ERROR:process_memory_win.cc(73)] ReadMemory at 0x28f47361e80 of 512 bytes failed: ReadProcessMemory 要求または WriteProcessMemory 要求の一部だけを完了しました。 (0x12B)
[0515/143327.151:ERROR:process_memory_win.cc(73)] ReadMemory at 0x28f473984e8 of 512 bytes failed: ReadProcessMemory 要求または WriteProcessMemory 要求の一部だけを完了しました。 (0x12B)
[0515/143327.151:ERROR:process_memory_win.cc(73)] ReadMemory at 0x28f483143c0 of 512 bytes failed: ReadProcessMemory 要求または WriteProcessMemory 要求の一部だけを完了しました。 (0x12B)
[0515/143327.151:ERROR:process_memory_win.cc(73)] ReadMemory at 0x7ffef5b047b0 of 553 bytes failed: ReadProcessMemory 要求または WriteProcessMemory 要求の一部だけを完了しました。 (0x12B)
[0515/143327.151:ERROR:process_memory_win.cc(73)] ReadMemory at 0x7fff91a8f764 of 672 bytes failed: ReadProcessMemory 要求または WriteProcessMemory 要求の一部だけを完了しました。 (0x12B)
[0515/143327.151:ERROR:process_memory_win.cc(73)] ReadMemory at 0x7fff91a8fd64 of 512 bytes failed: ReadProcessMemory 要求または WriteProcessMemory 要求の一部だけを完了しました。 (0x12B)
[0515/143327.151:ERROR:process_memory_win.cc(73)] ReadMemory at 0x7fff91b1c0c8 of 18 bytes failed: ReadProcessMemory 要求または WriteProcessMemory 要求の一部だけを完了しました。 (0x12B)
[0515/143327.151:ERROR:process_memory_win.cc(73)] ReadMemory at 0x7fff91b4f4f8 of 40 bytes failed: ReadProcessMemory 要求または WriteProcessMemory 要求の一部だけを完了しました。 (0x12B)
[0515/143327.151:ERROR:process_memory_win.cc(73)] ReadMemory at 0x7fff91b4f978 of 48 bytes failed: ReadProcessMemory 要求または WriteProcessMemory 要求の一部だけを完了しました。 (0x12B)
[0515/143327.151:ERROR:process_memory_win.cc(73)] ReadMemory at 0x7fff91b553c0 of 64 bytes failed: ReadProcessMemory 要求または WriteProcessMemory 要求の一部だけを完了しました。 (0x12B)
[0515/143327.154:ERROR:scoped_process_suspend.cc(40)] NtResumeProcess: 既存のプロセスにアクセスしようとしました。 (0xc000010a)
